2016-12-07 03:40:55		Create Unique Id wpadm_method__local_backup__584784c72af0f
2016-12-07 03:40:55		Start Backup process...
2016-12-07 03:40:55		Creating Database Dump
2016-12-07 03:40:55		MySQL of repair was started
2016-12-07 03:40:55		Start repair table `wp_kva73a_commentmeta`
2016-12-07 03:40:55		Finish repair table `wp_kva73a_commentmeta`
2016-12-07 03:40:55		Start repair table `wp_kva73a_comments`
2016-12-07 03:40:55		Finish repair table `wp_kva73a_comments`
2016-12-07 03:40:55		Start repair table `wp_kva73a_duplicator_pro_entities`
2016-12-07 03:40:55		Finish repair table `wp_kva73a_duplicator_pro_entities`
2016-12-07 03:40:55		Start repair table `wp_kva73a_duplicator_pro_packages`
2016-12-07 03:40:55		Finish repair table `wp_kva73a_duplicator_pro_packages`
2016-12-07 03:40:55		Start repair table `wp_kva73a_ewwwio_images`
2016-12-07 03:40:55		Finish repair table `wp_kva73a_ewwwio_images`
2016-12-07 03:40:55		Start repair table `wp_kva73a_filemeta`
2016-12-07 03:40:55		Finish repair table `wp_kva73a_filemeta`
2016-12-07 03:40:55		Start repair table `wp_kva73a_layerslider`
2016-12-07 03:40:55		Finish repair table `wp_kva73a_layerslider`
2016-12-07 03:40:55		Start repair table `wp_kva73a_links`
2016-12-07 03:40:55		Finish repair table `wp_kva73a_links`
2016-12-07 03:40:55		Start repair table `wp_kva73a_options`
2016-12-07 03:40:55		Finish repair table `wp_kva73a_options`
2016-12-07 03:40:55		Start repair table `wp_kva73a_postmeta`
2016-12-07 03:40:55		Finish repair table `wp_kva73a_postmeta`
2016-12-07 03:40:55		Start repair table `wp_kva73a_posts`
2016-12-07 03:40:55		Finish repair table `wp_kva73a_posts`
2016-12-07 03:40:55		Start repair table `wp_kva73a_revslider_css`
2016-12-07 03:40:55		Finish repair table `wp_kva73a_revslider_css`
2016-12-07 03:40:55		Start repair table `wp_kva73a_revslider_layer_animations`
2016-12-07 03:40:55		Finish repair table `wp_kva73a_revslider_layer_animations`
2016-12-07 03:40:55		Start repair table `wp_kva73a_revslider_navigations`
2016-12-07 03:40:55		Finish repair table `wp_kva73a_revslider_navigations`
2016-12-07 03:40:55		Start repair table `wp_kva73a_revslider_sliders`
2016-12-07 03:40:55		Finish repair table `wp_kva73a_revslider_sliders`
2016-12-07 03:40:55		Start repair table `wp_kva73a_revslider_slides`
2016-12-07 03:40:55		Finish repair table `wp_kva73a_revslider_slides`
2016-12-07 03:40:55		Start repair table `wp_kva73a_revslider_static_slides`
2016-12-07 03:40:55		Finish repair table `wp_kva73a_revslider_static_slides`
2016-12-07 03:40:55		Start repair table `wp_kva73a_term_relationships`
2016-12-07 03:40:55		Finish repair table `wp_kva73a_term_relationships`
2016-12-07 03:40:55		Start repair table `wp_kva73a_term_taxonomy`
2016-12-07 03:40:55		Finish repair table `wp_kva73a_term_taxonomy`
2016-12-07 03:40:55		Start repair table `wp_kva73a_termmeta`
2016-12-07 03:40:55		Finish repair table `wp_kva73a_termmeta`
2016-12-07 03:40:55		Start repair table `wp_kva73a_terms`
2016-12-07 03:40:55		Finish repair table `wp_kva73a_terms`
2016-12-07 03:40:55		Start repair table `wp_kva73a_usermeta`
2016-12-07 03:40:55		Finish repair table `wp_kva73a_usermeta`
2016-12-07 03:40:55		Start repair table `wp_kva73a_users`
2016-12-07 03:40:55		Finish repair table `wp_kva73a_users`
2016-12-07 03:40:55		Start repair table `wp_kva73a_w3tc_cdn_queue`
2016-12-07 03:40:55		Finish repair table `wp_kva73a_w3tc_cdn_queue`
2016-12-07 03:40:55		Start repair table `wp_kva73a_wfBadLeechers`
2016-12-07 03:40:55		Finish repair table `wp_kva73a_wfBadLeechers`
2016-12-07 03:40:55		Start repair table `wp_kva73a_wfBlockedIPLog`
2016-12-07 03:40:55		Finish repair table `wp_kva73a_wfBlockedIPLog`
2016-12-07 03:40:55		Start repair table `wp_kva73a_wfBlocks`
2016-12-07 03:40:55		Finish repair table `wp_kva73a_wfBlocks`
2016-12-07 03:40:55		Start repair table `wp_kva73a_wfBlocksAdv`
2016-12-07 03:40:55		Finish repair table `wp_kva73a_wfBlocksAdv`
2016-12-07 03:40:55		Start repair table `wp_kva73a_wfConfig`
2016-12-07 03:40:55		Finish repair table `wp_kva73a_wfConfig`
2016-12-07 03:40:55		Start repair table `wp_kva73a_wfCrawlers`
2016-12-07 03:40:55		Finish repair table `wp_kva73a_wfCrawlers`
2016-12-07 03:40:55		Start repair table `wp_kva73a_wfFileMods`
2016-12-07 03:40:55		Finish repair table `wp_kva73a_wfFileMods`
2016-12-07 03:40:55		Start repair table `wp_kva73a_wfHits`
2016-12-07 03:40:56		Finish repair table `wp_kva73a_wfHits`
2016-12-07 03:40:56		Start repair table `wp_kva73a_wfHoover`
2016-12-07 03:40:56		Finish repair table `wp_kva73a_wfHoover`
2016-12-07 03:40:56		Start repair table `wp_kva73a_wfIssues`
2016-12-07 03:40:56		Finish repair table `wp_kva73a_wfIssues`
2016-12-07 03:40:56		Start repair table `wp_kva73a_wfKnownFileList`
2016-12-07 03:40:56		Finish repair table `wp_kva73a_wfKnownFileList`
2016-12-07 03:40:56		Start repair table `wp_kva73a_wfLeechers`
2016-12-07 03:40:56		Finish repair table `wp_kva73a_wfLeechers`
2016-12-07 03:40:56		Start repair table `wp_kva73a_wfLockedOut`
2016-12-07 03:40:56		Finish repair table `wp_kva73a_wfLockedOut`
2016-12-07 03:40:56		Start repair table `wp_kva73a_wfLocs`
2016-12-07 03:40:56		Finish repair table `wp_kva73a_wfLocs`
2016-12-07 03:40:56		Start repair table `wp_kva73a_wfLogins`
2016-12-07 03:40:56		Finish repair table `wp_kva73a_wfLogins`
2016-12-07 03:40:56		Start repair table `wp_kva73a_wfNet404s`
2016-12-07 03:40:56		Finish repair table `wp_kva73a_wfNet404s`
2016-12-07 03:40:56		Start repair table `wp_kva73a_wfReverseCache`
2016-12-07 03:40:56		Finish repair table `wp_kva73a_wfReverseCache`
2016-12-07 03:40:56		Start repair table `wp_kva73a_wfSNIPCache`
2016-12-07 03:40:56		Finish repair table `wp_kva73a_wfSNIPCache`
2016-12-07 03:40:56		Start repair table `wp_kva73a_wfScanners`
2016-12-07 03:40:56		Finish repair table `wp_kva73a_wfScanners`
2016-12-07 03:40:56		Start repair table `wp_kva73a_wfStatus`
2016-12-07 03:40:56		Finish repair table `wp_kva73a_wfStatus`
2016-12-07 03:40:56		Start repair table `wp_kva73a_wfThrottleLog`
2016-12-07 03:40:56		Finish repair table `wp_kva73a_wfThrottleLog`
2016-12-07 03:40:56		Start repair table `wp_kva73a_wfVulnScanners`
2016-12-07 03:40:56		Finish repair table `wp_kva73a_wfVulnScanners`
2016-12-07 03:40:56		Start repair table `wp_kva73a_wpforms_entries`
2016-12-07 03:40:56		Finish repair table `wp_kva73a_wpforms_entries`
2016-12-07 03:40:56		Start repair table `wp_kva73a_wpforms_entry_meta`
2016-12-07 03:40:56		Finish repair table `wp_kva73a_wpforms_entry_meta`
2016-12-07 03:40:56		Optimize Database Tables
2016-12-07 03:40:56		Optimize Database Tables was started
2016-12-07 03:40:56		Optimize Table `wp_kva73a_commentmeta` was successfully
2016-12-07 03:40:56		Optimize Table `wp_kva73a_comments` was successfully
2016-12-07 03:40:57		Optimize Table `wp_kva73a_duplicator_pro_entities` was successfully
2016-12-07 03:40:57		Optimize Table `wp_kva73a_duplicator_pro_packages` was successfully
2016-12-07 03:40:58		Optimize Table `wp_kva73a_ewwwio_images` was successfully
2016-12-07 03:40:58		Optimize Table `wp_kva73a_filemeta` was successfully
2016-12-07 03:40:58		Optimize Table `wp_kva73a_layerslider` was successfully
2016-12-07 03:40:58		Optimize Table `wp_kva73a_links` was successfully
2016-12-07 03:40:59		Optimize Table `wp_kva73a_options` was successfully
2016-12-07 03:41:01		Optimize Table `wp_kva73a_postmeta` was successfully
2016-12-07 03:41:02		Optimize Table `wp_kva73a_posts` was successfully
2016-12-07 03:41:02		Optimize Table `wp_kva73a_revslider_css` was successfully
2016-12-07 03:41:03		Optimize Table `wp_kva73a_revslider_layer_animations` was successfully
2016-12-07 03:41:03		Optimize Table `wp_kva73a_revslider_navigations` was successfully
2016-12-07 03:41:03		Optimize Table `wp_kva73a_revslider_sliders` was successfully
2016-12-07 03:41:04		Optimize Table `wp_kva73a_revslider_slides` was successfully
2016-12-07 03:41:05		Optimize Table `wp_kva73a_revslider_static_slides` was successfully
2016-12-07 03:41:05		Optimize Table `wp_kva73a_term_relationships` was successfully
2016-12-07 03:41:05		Optimize Table `wp_kva73a_term_taxonomy` was successfully
2016-12-07 03:41:06		Optimize Table `wp_kva73a_termmeta` was successfully
2016-12-07 03:41:06		Optimize Table `wp_kva73a_terms` was successfully
2016-12-07 03:41:06		Optimize Table `wp_kva73a_usermeta` was successfully
2016-12-07 03:41:07		Optimize Table `wp_kva73a_users` was successfully
2016-12-07 03:41:08		Optimize Table `wp_kva73a_w3tc_cdn_queue` was successfully
2016-12-07 03:41:08		Optimize Table `wp_kva73a_wfBadLeechers` was successfully
2016-12-07 03:41:09		Optimize Table `wp_kva73a_wfBlockedIPLog` was successfully
2016-12-07 03:41:09		Optimize Table `wp_kva73a_wfBlocks` was successfully
2016-12-07 03:41:09		Optimize Table `wp_kva73a_wfBlocksAdv` was successfully
2016-12-07 03:41:10		Optimize Table `wp_kva73a_wfConfig` was successfully
2016-12-07 03:41:10		Optimize Table `wp_kva73a_wfCrawlers` was successfully
2016-12-07 03:41:11		Optimize Table `wp_kva73a_wfFileMods` was successfully
2016-12-07 03:41:12		Optimize Table `wp_kva73a_wfHits` was successfully
2016-12-07 03:41:12		Optimize Table `wp_kva73a_wfHoover` was successfully
2016-12-07 03:41:13		Optimize Table `wp_kva73a_wfIssues` was successfully
2016-12-07 03:41:14		Optimize Table `wp_kva73a_wfKnownFileList` was successfully
2016-12-07 03:41:14		Optimize Table `wp_kva73a_wfLeechers` was successfully
2016-12-07 03:41:14		Optimize Table `wp_kva73a_wfLockedOut` was successfully
2016-12-07 03:41:14		Optimize Table `wp_kva73a_wfLocs` was successfully
2016-12-07 03:41:15		Optimize Table `wp_kva73a_wfLogins` was successfully
2016-12-07 03:41:15		Optimize Table `wp_kva73a_wfNet404s` was successfully
2016-12-07 03:41:16		Optimize Table `wp_kva73a_wfReverseCache` was successfully
2016-12-07 03:41:16		Optimize Table `wp_kva73a_wfSNIPCache` was successfully
2016-12-07 03:41:16		Optimize Table `wp_kva73a_wfScanners` was successfully
2016-12-07 03:41:17		Optimize Table `wp_kva73a_wfStatus` was successfully
2016-12-07 03:41:17		Optimize Table `wp_kva73a_wfThrottleLog` was successfully
2016-12-07 03:41:18		Optimize Table `wp_kva73a_wfVulnScanners` was successfully
2016-12-07 03:41:18		Optimize Table `wp_kva73a_wpforms_entries` was successfully
2016-12-07 03:41:18		Optimize Table `wp_kva73a_wpforms_entry_meta` was successfully
2016-12-07 03:41:18		Optimize Database Tables was Finished
2016-12-07 03:41:18		MySQL of Dump was started
2016-12-07 03:41:18		Add a table "wp_kva73a_commentmeta" in the database dump
2016-12-07 03:41:18		Add a table "wp_kva73a_comments" in the database dump
2016-12-07 03:41:18		Add a table "wp_kva73a_duplicator_pro_entities" in the database dump
2016-12-07 03:41:18		Add a table rows "wp_kva73a_duplicator_pro_entities" in the database dump from 4 to 1000
2016-12-07 03:41:18		Add a table "wp_kva73a_duplicator_pro_packages" in the database dump
2016-12-07 03:41:18		Add a table "wp_kva73a_ewwwio_images" in the database dump
2016-12-07 03:41:19		Add a table rows "wp_kva73a_ewwwio_images" in the database dump from 240 to 1000
2016-12-07 03:41:19		Add a table "wp_kva73a_filemeta" in the database dump
2016-12-07 03:41:19		Add a table "wp_kva73a_layerslider" in the database dump
2016-12-07 03:41:19		Add a table rows "wp_kva73a_layerslider" in the database dump from 2 to 1000
2016-12-07 03:41:19		Add a table "wp_kva73a_links" in the database dump
2016-12-07 03:41:19		Add a table "wp_kva73a_options" in the database dump
2016-12-07 03:41:23		Add a table rows "wp_kva73a_options" in the database dump from 669 to 1000
2016-12-07 03:41:23		Add a table "wp_kva73a_postmeta" in the database dump
2016-12-07 03:41:27		Add a table rows "wp_kva73a_postmeta" in the database dump from 1000 to 1000
2016-12-07 03:41:32		Add a table rows "wp_kva73a_postmeta" in the database dump from 2000 to 1000
2016-12-07 03:41:36		Add a table rows "wp_kva73a_postmeta" in the database dump from 2423 to 1000
2016-12-07 03:41:36		Add a table "wp_kva73a_posts" in the database dump
2016-12-07 03:41:39		Add a table rows "wp_kva73a_posts" in the database dump from 419 to 1000
2016-12-07 03:41:39		Add a table "wp_kva73a_revslider_css" in the database dump
2016-12-07 03:41:39		Add a table rows "wp_kva73a_revslider_css" in the database dump from 64 to 1000
2016-12-07 03:41:39		Add a table "wp_kva73a_revslider_layer_animations" in the database dump
2016-12-07 03:41:39		Add a table "wp_kva73a_revslider_navigations" in the database dump
2016-12-07 03:41:39		Add a table "wp_kva73a_revslider_sliders" in the database dump
2016-12-07 03:41:40		Add a table rows "wp_kva73a_revslider_sliders" in the database dump from 13 to 1000
2016-12-07 03:41:40		Add a table "wp_kva73a_revslider_slides" in the database dump
2016-12-07 03:41:40		Add a table rows "wp_kva73a_revslider_slides" in the database dump from 38 to 1000
2016-12-07 03:41:40		Add a table "wp_kva73a_revslider_static_slides" in the database dump
2016-12-07 03:41:40		Add a table rows "wp_kva73a_revslider_static_slides" in the database dump from 12 to 1000
2016-12-07 03:41:40		Add a table "wp_kva73a_term_relationships" in the database dump
2016-12-07 03:41:41		Add a table rows "wp_kva73a_term_relationships" in the database dump from 213 to 1000
2016-12-07 03:41:41		Add a table "wp_kva73a_term_taxonomy" in the database dump
2016-12-07 03:41:42		Add a table rows "wp_kva73a_term_taxonomy" in the database dump from 22 to 1000
2016-12-07 03:41:42		Add a table "wp_kva73a_termmeta" in the database dump
2016-12-07 03:41:42		Add a table "wp_kva73a_terms" in the database dump
2016-12-07 03:41:42		Add a table rows "wp_kva73a_terms" in the database dump from 22 to 1000
2016-12-07 03:41:42		Add a table "wp_kva73a_usermeta" in the database dump
2016-12-07 03:41:42		Add a table rows "wp_kva73a_usermeta" in the database dump from 63 to 1000
2016-12-07 03:41:42		Add a table "wp_kva73a_users" in the database dump
2016-12-07 03:41:42		Add a table rows "wp_kva73a_users" in the database dump from 3 to 1000
2016-12-07 03:41:42		Add a table "wp_kva73a_w3tc_cdn_queue" in the database dump
2016-12-07 03:41:42		Add a table "wp_kva73a_wfBadLeechers" in the database dump
2016-12-07 03:41:42		Add a table "wp_kva73a_wfBlockedIPLog" in the database dump
2016-12-07 03:41:42		Add a table "wp_kva73a_wfBlocks" in the database dump
2016-12-07 03:41:42		Add a table "wp_kva73a_wfBlocksAdv" in the database dump
2016-12-07 03:41:42		Add a table "wp_kva73a_wfConfig" in the database dump
2016-12-07 03:41:43		Add a table rows "wp_kva73a_wfConfig" in the database dump from 157 to 1000
2016-12-07 03:41:43		Add a table "wp_kva73a_wfCrawlers" in the database dump
2016-12-07 03:41:43		Add a table rows "wp_kva73a_wfCrawlers" in the database dump from 1 to 1000
2016-12-07 03:41:43		Add a table "wp_kva73a_wfFileMods" in the database dump
2016-12-07 03:41:49		Add a table rows "wp_kva73a_wfFileMods" in the database dump from 1000 to 1000
2016-12-07 03:41:49		Add a table "wp_kva73a_wfHits" in the database dump
2016-12-07 03:41:57		Add a table rows "wp_kva73a_wfHits" in the database dump from 1000 to 1000
2016-12-07 03:42:00		Add a table rows "wp_kva73a_wfHits" in the database dump from 1686 to 1000
2016-12-07 03:42:00		Add a table "wp_kva73a_wfHoover" in the database dump
2016-12-07 03:42:00		Add a table "wp_kva73a_wfIssues" in the database dump
2016-12-07 03:42:00		Add a table "wp_kva73a_wfKnownFileList" in the database dump
2016-12-07 03:42:05		Add a table rows "wp_kva73a_wfKnownFileList" in the database dump from 1000 to 1000
2016-12-07 03:42:11		Add a table rows "wp_kva73a_wfKnownFileList" in the database dump from 2000 to 1000
2016-12-07 03:42:17		Add a table rows "wp_kva73a_wfKnownFileList" in the database dump from 3000 to 1000
2016-12-07 03:42:22		Add a table rows "wp_kva73a_wfKnownFileList" in the database dump from 4000 to 1000
2016-12-07 03:42:29		Add a table rows "wp_kva73a_wfKnownFileList" in the database dump from 5000 to 1000
2016-12-07 03:42:34		Add a table rows "wp_kva73a_wfKnownFileList" in the database dump from 5891 to 1000
2016-12-07 03:42:34		Add a table "wp_kva73a_wfLeechers" in the database dump
2016-12-07 03:42:34		Add a table rows "wp_kva73a_wfLeechers" in the database dump from 19 to 1000
2016-12-07 03:42:34		Add a table "wp_kva73a_wfLockedOut" in the database dump
2016-12-07 03:42:34		Add a table "wp_kva73a_wfLocs" in the database dump
2016-12-07 03:42:34		Add a table rows "wp_kva73a_wfLocs" in the database dump from 2 to 1000
2016-12-07 03:42:34		Add a table "wp_kva73a_wfLogins" in the database dump
2016-12-07 03:42:36		Add a table rows "wp_kva73a_wfLogins" in the database dump from 393 to 1000
2016-12-07 03:42:36		Add a table "wp_kva73a_wfNet404s" in the database dump
2016-12-07 03:42:36		Add a table "wp_kva73a_wfReverseCache" in the database dump
2016-12-07 03:42:36		Add a table rows "wp_kva73a_wfReverseCache" in the database dump from 2 to 1000
2016-12-07 03:42:36		Add a table "wp_kva73a_wfSNIPCache" in the database dump
2016-12-07 03:42:36		Add a table "wp_kva73a_wfScanners" in the database dump
2016-12-07 03:42:36		Add a table rows "wp_kva73a_wfScanners" in the database dump from 1 to 1000
2016-12-07 03:42:36		Add a table "wp_kva73a_wfStatus" in the database dump
2016-12-07 03:42:42		Add a table rows "wp_kva73a_wfStatus" in the database dump from 983 to 1000
2016-12-07 03:42:42		Add a table "wp_kva73a_wfThrottleLog" in the database dump
2016-12-07 03:42:42		Add a table "wp_kva73a_wfVulnScanners" in the database dump
2016-12-07 03:42:42		Add a table "wp_kva73a_wpforms_entries" in the database dump
2016-12-07 03:42:42		Add a table rows "wp_kva73a_wpforms_entries" in the database dump from 4 to 1000
2016-12-07 03:42:42		Add a table "wp_kva73a_wpforms_entry_meta" in the database dump
2016-12-07 03:42:42		MySQL of Dump was finished
2016-12-07 03:42:42		Database Dump was successfully created ( 8.25 Mb) : /home/mautodev/dev.themexperience/wp-content/Dropbox_Backup/mysqldump.sql
2016-12-07 03:42:43		Skip of Cache-Folder /home/mautodev/dev.themexperience/wp-content/plugins/dreamobjects/aws/Aws/ElastiCache
2016-12-07 03:42:43		Skip of Cache-Folder /home/mautodev/dev.themexperience/wp-content/plugins/dreamobjects/aws/Guzzle/Plugin/Cache
2016-12-07 03:42:43		Skip of Cache-Folder /home/mautodev/dev.themexperience/wp-content/plugins/dreamobjects/aws/Guzzle/Cache
2016-12-07 03:42:43		Skip of Cache-Folder /home/mautodev/dev.themexperience/wp-content/plugins/wordpress-seo/vendor/yoast/api-libs/google/cache
2016-12-07 03:42:43		Skip of Cache-Folder /home/mautodev/dev.themexperience/wp-content/plugins/w3-total-cache
2016-12-07 03:42:43		Skip of Cache-Folder /home/mautodev/dev.themexperience/wp-content/plugins/clear-cache-for-widgets
2016-12-07 03:42:43		Skip of Cache-Folder /home/mautodev/dev.themexperience/wp-content/cache
2016-12-07 03:42:43		Skip of Cache-Folder /home/mautodev/dev.themexperience/wp-includes/SimplePie/Cache
2016-12-07 03:42:43		File /home/mautodev/dev.themexperience/wp-content/themes/x/framework/plugins/cornerstone.zip Size 1733400
2016-12-07 03:42:43		File /home/mautodev/dev.themexperience/wp-content/plugins/dreamobjects/debug.txt Size 0
2016-12-07 03:42:43		File /home/mautodev/dev.themexperience/wp-content/plugins/superfly-menu-lpFZUR/fonts/LA Font Awesome.zip Size 2436974
2016-12-07 03:42:43		File /home/mautodev/dev.themexperience/wp-content/plugins/superfly-menu-lpFZUR/includes/vendor/looks_awesome/icon_manager/default_fonts/Entypo+.zip Size 1185426
2016-12-07 03:42:43		File /home/mautodev/dev.themexperience/wp-content/plugins/superfly-menu-lpFZUR/includes/vendor/looks_awesome/icon_manager/default_fonts/Font Awesome.zip Size 2436974
2016-12-07 03:42:43		File /home/mautodev/dev.themexperience/wp-content/plugins/superfly-menu-lpFZUR/includes/vendor/looks_awesome/icon_manager/default_fonts/Hawcons.zip Size 3764982
2016-12-07 03:42:43		File /home/mautodev/dev.themexperience/wp-content/plugins/x-under-construction/css/site/style.css Size 0
2016-12-07 03:42:43		File /home/mautodev/dev.themexperience/wp-content/plugins/cornerstone/includes/elements/alert/scripts/preview.js Size 0
2016-12-07 03:42:43		File /home/mautodev/dev.themexperience/wp-content/plugins/cornerstone/includes/elements/alert/scripts/shortcode.js Size 0
2016-12-07 03:42:43		File /home/mautodev/dev.themexperience/wp-content/plugins/cornerstone/includes/elements/alert/styles/_element.scss Size 0
2016-12-07 03:42:43		File /home/mautodev/dev.themexperience/wp-content/plugins/revslider/admin/assets/css/font/index.php Size 0
2016-12-07 03:42:43		File /home/mautodev/dev.themexperience/wp-content/plugins/revslider/admin/assets/css/index.php Size 0
2016-12-07 03:42:43		File /home/mautodev/dev.themexperience/wp-content/plugins/revslider/admin/assets/images/mainoptions/index.php Size 0
2016-12-07 03:42:43		File /home/mautodev/dev.themexperience/wp-content/plugins/revslider/admin/assets/images/navigationeditor/index.php Size 0
2016-12-07 03:42:43		File /home/mautodev/dev.themexperience/wp-content/plugins/revslider/admin/assets/images/sliderpresets/index.php Size 0
2016-12-07 03:42:43		File /home/mautodev/dev.themexperience/wp-content/plugins/revslider/admin/assets/images/sliderselector/index.php Size 0
2016-12-07 03:42:43		File /home/mautodev/dev.themexperience/wp-content/plugins/revslider/admin/assets/images/slidersources/index.php Size 0
2016-12-07 03:42:43		File /home/mautodev/dev.themexperience/wp-content/plugins/revslider/admin/assets/images/sources/index.php Size 0
2016-12-07 03:42:43		File /home/mautodev/dev.themexperience/wp-content/plugins/revslider/admin/assets/images/toolbar/index.php Size 0
2016-12-07 03:42:43		File /home/mautodev/dev.themexperience/wp-content/plugins/revslider/admin/assets/images/tooltips/index.php Size 0
2016-12-07 03:42:43		File /home/mautodev/dev.themexperience/wp-content/plugins/revslider/admin/assets/images/index.php Size 0
2016-12-07 03:42:43		File /home/mautodev/dev.themexperience/wp-content/plugins/revslider/admin/assets/imports/agency-intro/index.php Size 0
2016-12-07 03:42:43		File /home/mautodev/dev.themexperience/wp-content/plugins/revslider/admin/assets/imports/classic-carousel/index.php Size 0
2016-12-07 03:42:43		File /home/mautodev/dev.themexperience/wp-content/plugins/revslider/admin/assets/imports/classicslider/index.php Size 0
2016-12-07 03:42:43		File /home/mautodev/dev.themexperience/wp-content/plugins/revslider/admin/assets/imports/concept/index.php Size 0
2016-12-07 03:42:43		File /home/mautodev/dev.themexperience/wp-content/plugins/revslider/admin/assets/imports/contenttabs/index.php Size 0
2016-12-07 03:42:43		File /home/mautodev/dev.themexperience/wp-content/plugins/revslider/admin/assets/imports/creativefreedom/index.php Size 0
2016-12-07 03:42:43		File /home/mautodev/dev.themexperience/wp-content/plugins/revslider/admin/assets/imports/facebook-feed/index.php Size 0
2016-12-07 03:42:43		File /home/mautodev/dev.themexperience/wp-content/plugins/revslider/admin/assets/imports/fashion/index.php Size 0
2016-12-07 03:42:43		File /home/mautodev/dev.themexperience/wp-content/plugins/revslider/admin/assets/imports/finedining/index.php Size 0
2016-12-07 03:42:43		File /home/mautodev/dev.themexperience/wp-content/plugins/revslider/admin/assets/imports/flickr-gallery/index.php Size 0
2016-12-07 03:42:43		File /home/mautodev/dev.themexperience/wp-content/plugins/revslider/admin/assets/imports/foodcarousel/index.php Size 0
2016-12-07 03:42:43		File /home/mautodev/dev.themexperience/wp-content/plugins/revslider/admin/assets/imports/fullscreen-button/index.php Size 0
2016-12-07 03:42:43		File /home/mautodev/dev.themexperience/wp-content/plugins/revslider/admin/assets/imports/gym/index.php Size 0
2016-12-07 03:42:43		File /home/mautodev/dev.themexperience/wp-content/plugins/revslider/admin/assets/imports/highlight-carousel/index.php Size 0
2016-12-07 03:42:43		File /home/mautodev/dev.themexperience/wp-content/plugins/revslider/admin/assets/imports/highlight-showcase/index.php Size 0
2016-12-07 03:42:43		File /home/mautodev/dev.themexperience/wp-content/plugins/revslider/admin/assets/imports/imagehero/index.php Size 0
2016-12-07 03:42:43		File /home/mautodev/dev.themexperience/wp-content/plugins/revslider/admin/assets/imports/insta-gallery/index.php Size 0
2016-12-07 03:42:43		File /home/mautodev/dev.themexperience/wp-content/plugins/revslider/admin/assets/imports/levanorestaurantbar/index.php Size 0
2016-12-07 03:42:43		File /home/mautodev/dev.themexperience/wp-content/plugins/revslider/admin/assets/imports/mainfeature/index.php Size 0
2016-12-07 03:42:43		File /home/mautodev/dev.themexperience/wp-content/plugins/revslider/admin/assets/imports/media-carousel-autoplay/index.php Size 0
2016-12-07 03:42:43		File /home/mautodev/dev.themexperience/wp-content/plugins/revslider/admin/assets/imports/media-gallery-two/index.php Size 0
2016-12-07 03:42:43		File /home/mautodev/dev.themexperience/wp-content/plugins/revslider/admin/assets/imports/news-bg-video/index.php Size 0
2016-12-07 03:42:43		File /home/mautodev/dev.themexperience/wp-content/plugins/revslider/admin/assets/imports/news-gallery/index.php Size 0
2016-12-07 03:42:43		File /home/mautodev/dev.themexperience/wp-content/plugins/revslider/admin/assets/imports/news-gallery-post-based/index.php Size 0
2016-12-07 03:42:43		File /home/mautodev/dev.themexperience/wp-content/plugins/revslider/admin/assets/imports/news-hero/index.php Size 0
2016-12-07 03:42:43		File /home/mautodev/dev.themexperience/wp-content/plugins/revslider/admin/assets/imports/news-video/index.php Size 0
2016-12-07 03:42:43		File /home/mautodev/dev.themexperience/wp-content/plugins/revslider/admin/assets/imports/newsletter-hero/index.php Size 0
2016-12-07 03:42:43		File /home/mautodev/dev.themexperience/wp-content/plugins/revslider/admin/assets/imports/notgeneric/index.php Size 0
2016-12-07 03:42:43		File /home/mautodev/dev.themexperience/wp-content/plugins/revslider/admin/assets/imports/parallaxscene/index.php Size 0
2016-12-07 03:42:43		File /home/mautodev/dev.themexperience/wp-content/plugins/revslider/admin/assets/imports/photography/index.php Size 0
2016-12-07 03:42:43		File /home/mautodev/dev.themexperience/wp-content/plugins/revslider/admin/assets/imports/photography-carousel/index.php Size 0
2016-12-07 03:42:43		File /home/mautodev/dev.themexperience/wp-content/plugins/revslider/admin/assets/imports/search-form-hero/index.php Size 0
2016-12-07 03:42:43		File /home/mautodev/dev.themexperience/wp-content/plugins/revslider/admin/assets/imports/showcasecarousel/index.php Size 0
2016-12-07 03:42:43		File /home/mautodev/dev.themexperience/wp-content/plugins/revslider/admin/assets/imports/slidingoverlays/index.php Size 0
2016-12-07 03:42:43		File /home/mautodev/dev.themexperience/wp-content/plugins/revslider/admin/assets/imports/sportshero/index.php Size 0
2016-12-07 03:42:43		File /home/mautodev/dev.themexperience/wp-content/plugins/revslider/admin/assets/imports/travel-static-captions/index.php Size 0
2016-12-07 03:42:43		File /home/mautodev/dev.themexperience/wp-content/plugins/revslider/admin/assets/imports/twitter-feed/index.php Size 0
2016-12-07 03:42:43		File /home/mautodev/dev.themexperience/wp-content/plugins/revslider/admin/assets/imports/vimeo-gallery/index.php Size 0
2016-12-07 03:42:43		File /home/mautodev/dev.themexperience/wp-content/plugins/revslider/admin/assets/imports/vimeohero/index.php Size 0
2016-12-07 03:42:43		File /home/mautodev/dev.themexperience/wp-content/plugins/revslider/admin/assets/imports/web-product-dark/index.php Size 0
2016-12-07 03:42:43		File /home/mautodev/dev.themexperience/wp-content/plugins/revslider/admin/assets/imports/web-product-dark-hero/index.php Size 0
2016-12-07 03:42:43		File /home/mautodev/dev.themexperience/wp-content/plugins/revslider/admin/assets/imports/web-product-light-hero/index.php Size 0
2016-12-07 03:42:43		File /home/mautodev/dev.themexperience/wp-content/plugins/revslider/admin/assets/imports/web-product-light-hero-3d/index.php Size 0
2016-12-07 03:42:43		File /home/mautodev/dev.themexperience/wp-content/plugins/revslider/admin/assets/imports/webproductlight/index.php Size 0
2016-12-07 03:42:43		File /home/mautodev/dev.themexperience/wp-content/plugins/revslider/admin/assets/imports/woobig/index.php Size 0
2016-12-07 03:42:43		File /home/mautodev/dev.themexperience/wp-content/plugins/revslider/admin/assets/imports/woocommercesmall/index.php Size 0
2016-12-07 03:42:43		File /home/mautodev/dev.themexperience/wp-content/plugins/revslider/admin/assets/imports/youtube-gallery/index.php Size 0
2016-12-07 03:42:43		File /home/mautodev/dev.themexperience/wp-content/plugins/revslider/admin/assets/imports/youtubehero/index.php Size 0
2016-12-07 03:42:43		File /home/mautodev/dev.themexperience/wp-content/plugins/revslider/admin/assets/imports/index.php Size 0
2016-12-07 03:42:43		File /home/mautodev/dev.themexperience/wp-content/plugins/revslider/admin/assets/js/codemirror/util/index.php Size 0
2016-12-07 03:42:43		File /home/mautodev/dev.themexperience/wp-content/plugins/revslider/admin/assets/js/codemirror/index.php Size 0
2016-12-07 03:42:43		File /home/mautodev/dev.themexperience/wp-content/plugins/revslider/admin/assets/js/index.php Size 0
2016-12-07 03:42:43		File /home/mautodev/dev.themexperience/wp-content/plugins/revslider/admin/views/system/index.php Size 0
2016-12-07 03:42:43		File /home/mautodev/dev.themexperience/wp-content/plugins/revslider/admin/views/system/validation.php Size 0
2016-12-07 03:42:43		File /home/mautodev/dev.themexperience/wp-content/plugins/revslider/admin/views/templates/index.php Size 0
2016-12-07 03:42:43		File /home/mautodev/dev.themexperience/wp-content/plugins/revslider/admin/views/index.php Size 0
2016-12-07 03:42:43		File /home/mautodev/dev.themexperience/wp-content/plugins/revslider/backup/index.php Size 0
2016-12-07 03:42:43		File /home/mautodev/dev.themexperience/wp-content/plugins/revslider/includes/framework/index.php Size 0
2016-12-07 03:42:43		File /home/mautodev/dev.themexperience/wp-content/plugins/revslider/includes/index.php Size 0
2016-12-07 03:42:43		File /home/mautodev/dev.themexperience/wp-content/plugins/revslider/languages/index.php Size 0
2016-12-07 03:42:43		File /home/mautodev/dev.themexperience/wp-content/plugins/revslider/public/assets/assets/sources/index.php Size 0
2016-12-07 03:42:43		File /home/mautodev/dev.themexperience/wp-content/plugins/revslider/public/assets/assets/svg/index.php Size 0
2016-12-07 03:42:43		File /home/mautodev/dev.themexperience/wp-content/plugins/revslider/public/assets/assets/index.php Size 0
2016-12-07 03:42:43		File /home/mautodev/dev.themexperience/wp-content/plugins/revslider/public/assets/css/index.php Size 0
2016-12-07 03:42:43		File /home/mautodev/dev.themexperience/wp-content/plugins/revslider/public/assets/fonts/font-awesome/index.php Size 0
2016-12-07 03:42:43		File /home/mautodev/dev.themexperience/wp-content/plugins/revslider/public/assets/fonts/pe-icon-7-stroke/css/index.php Size 0
2016-12-07 03:42:43		File /home/mautodev/dev.themexperience/wp-content/plugins/revslider/public/assets/fonts/pe-icon-7-stroke/fonts/index.php Size 0
2016-12-07 03:42:43		File /home/mautodev/dev.themexperience/wp-content/plugins/revslider/public/assets/fonts/pe-icon-7-stroke/index.php Size 0
2016-12-07 03:42:43		File /home/mautodev/dev.themexperience/wp-content/plugins/revslider/public/assets/fonts/revicons/index.php Size 0
2016-12-07 03:42:43		File /home/mautodev/dev.themexperience/wp-content/plugins/revslider/public/assets/fonts/index.php Size 0
2016-12-07 03:42:43		File /home/mautodev/dev.themexperience/wp-content/plugins/revslider/public/assets/js/extensions/source/index.php Size 0
2016-12-07 03:42:43		File /home/mautodev/dev.themexperience/wp-content/plugins/revslider/public/assets/js/extensions/index.php Size 0
2016-12-07 03:42:43		File /home/mautodev/dev.themexperience/wp-content/plugins/revslider/public/assets/js/source/index.php Size 0
2016-12-07 03:42:43		File /home/mautodev/dev.themexperience/wp-content/plugins/revslider/public/assets/js/index.php Size 0
2016-12-07 03:42:43		File /home/mautodev/dev.themexperience/wp-content/plugins/revslider/public/assets/index.php Size 0
2016-12-07 03:42:43		File /home/mautodev/dev.themexperience/wp-content/plugins/revslider/public/index.php Size 0
2016-12-07 03:42:43		File /home/mautodev/dev.themexperience/wp-content/plugins/revslider/index.php Size 0
2016-12-07 03:42:43		File /home/mautodev/dev.themexperience/wp-content/plugins/wordfence/lib/GeoIPv6.dat Size 1887931
2016-12-07 03:42:43		File /home/mautodev/dev.themexperience/wp-content/plugins/wordfence/lib/GeoIP.dat Size 1046465
2016-12-07 03:42:43		File /home/mautodev/dev.themexperience/wp-content/uploads/2016/06/IMG_3489.jpg Size 3063556
2016-12-07 03:42:43		File /home/mautodev/dev.themexperience/wp-content/uploads/2016/06/IMG_3489-e1466199844492.jpg Size 1238071
2016-12-07 03:42:43		File /home/mautodev/dev.themexperience/wp-content/uploads/2016/06/slide3_color.png Size 1052446
2016-12-07 03:42:43		File /home/mautodev/dev.themexperience/wp-content/uploads/2016/06/slide2_color.png Size 1309222
2016-12-07 03:42:43		File /home/mautodev/dev.themexperience/wp-content/uploads/2016/06/slide2_color-1170x500.png Size 1086988
2016-12-07 03:42:43		File /home/mautodev/dev.themexperience/wp-content/uploads/2016/06/slide1_color-1.png Size 1574617
2016-12-07 03:42:43		File /home/mautodev/dev.themexperience/wp-content/uploads/2016/06/slide1_color-1-1170x783.png Size 1270377
2016-12-07 03:42:43		File /home/mautodev/dev.themexperience/wp-content/uploads/2016/06/slide1_color-1-1170x654.png Size 1103855
2016-12-07 03:42:43		File /home/mautodev/dev.themexperience/wp-content/uploads/2016/06/slide2_color-1.png Size 1126918
2016-12-07 03:42:43		File /home/mautodev/dev.themexperience/wp-content/uploads/2016/07/me4-maybach_slide2.png Size 1064707
2016-12-07 03:42:43		File /home/mautodev/dev.themexperience/wp-content/uploads/2016/07/me4-maybach_slide2-1170x493.png Size 1099948
2016-12-07 03:42:43		File /home/mautodev/dev.themexperience/wp-content/uploads/2016/07/me6-S550_Slide1.png Size 1051148
2016-12-07 03:42:43		File /home/mautodev/dev.themexperience/wp-content/uploads/2016/07/me6-S550_Slide1-1170x493.png Size 1047624
2016-12-07 03:42:44		File /home/mautodev/dev.themexperience/wp-content/uploads/2016/08/Portland-Skyline-background.png Size 1210827
2016-12-07 03:42:44		File /home/mautodev/dev.themexperience/wp-content/uploads/music/mexec-meditation-relax.mp3 Size 1909399
2016-12-07 03:42:44		File /home/mautodev/dev.themexperience/wp-content/w3tc-config/index.html Size 0
2016-12-07 03:42:44		File /home/mautodev/dev.themexperience/wp-content/Dropbox_Backup/mysqldump.sql Size 8655812
2016-12-07 03:42:44		List of Backup-Files was successfully created
2016-12-07 03:42:44		Create part dev_themexperience_com-full-2016_12_06_19_40-1.zip
2016-12-07 03:42:45		Create part dev_themexperience_com-full-2016_12_06_19_40-2.zip
2016-12-07 03:42:47		Create part dev_themexperience_com-full-2016_12_06_19_40-3.zip
2016-12-07 03:42:48		Create part dev_themexperience_com-full-2016_12_06_19_40-4.zip
2016-12-07 03:42:50		Create part dev_themexperience_com-full-2016_12_06_19_40-5.zip
2016-12-07 03:42:51		Create part dev_themexperience_com-full-2016_12_06_19_40-6.zip
2016-12-07 03:42:53		Create part dev_themexperience_com-full-2016_12_06_19_40-7.zip
2016-12-07 03:42:54		Create part dev_themexperience_com-full-2016_12_06_19_40-8.zip
2016-12-07 03:42:56		Create part dev_themexperience_com-full-2016_12_06_19_40-9.zip
2016-12-07 03:42:58		Create part dev_themexperience_com-full-2016_12_06_19_40-10.zip
2016-12-07 03:42:58		Create part dev_themexperience_com-full-2016_12_06_19_40-11.zip
2016-12-07 03:42:59		Create part dev_themexperience_com-full-2016_12_06_19_40-12.zip
2016-12-07 03:46:40		Create Unique Id wpadm_method__local_backup__5847862071ab8
2016-12-07 03:46:40		Start Backup process...
2016-12-07 03:46:40		List of Backup-Files was successfully created
2016-12-07 03:46:40		Create part dev_themexperience_com-full-2016_12_06_19_40-13.zip
2016-12-07 03:46:42		Create part dev_themexperience_com-full-2016_12_06_19_40-14.zip
2016-12-07 03:46:43		Create part dev_themexperience_com-full-2016_12_06_19_40-15.zip
2016-12-07 03:46:44		Create part dev_themexperience_com-full-2016_12_06_19_40-16.zip
2016-12-07 03:46:44		Create part dev_themexperience_com-full-2016_12_06_19_40-17.zip
2016-12-07 03:46:45		Create part dev_themexperience_com-full-2016_12_06_19_40-18.zip
2016-12-07 03:46:46		Create part dev_themexperience_com-full-2016_12_06_19_40-19.zip
2016-12-07 03:46:46		Create part dev_themexperience_com-full-2016_12_06_19_40-20.zip
2016-12-07 03:46:47		Create part dev_themexperience_com-full-2016_12_06_19_40-21.zip
2016-12-07 03:46:48		Create part dev_themexperience_com-full-2016_12_06_19_40-22.zip
2016-12-07 03:46:51		Create part dev_themexperience_com-full-2016_12_06_19_40-23.zip
2016-12-07 03:46:52		Create part dev_themexperience_com-full-2016_12_06_19_40-24.zip
2016-12-07 03:46:55		Create part dev_themexperience_com-full-2016_12_06_19_40-25.zip
2016-12-07 03:46:56		Create part dev_themexperience_com-full-2016_12_06_19_40-26.zip
2016-12-07 03:46:57		Create part dev_themexperience_com-full-2016_12_06_19_40-27.zip
2016-12-07 03:46:59		Create part dev_themexperience_com-full-2016_12_06_19_40-28.zip
2016-12-07 03:47:00		Create part dev_themexperience_com-full-2016_12_06_19_40-29.zip
2016-12-07 03:47:01		Create part dev_themexperience_com-full-2016_12_06_19_40-30.zip
2016-12-07 03:47:03		Create part dev_themexperience_com-full-2016_12_06_19_40-31.zip
2016-12-07 03:47:04		Create part dev_themexperience_com-full-2016_12_06_19_40-32.zip
2016-12-07 03:47:05		Create part dev_themexperience_com-full-2016_12_06_19_40-33.zip
2016-12-07 03:47:06		Create part dev_themexperience_com-full-2016_12_06_19_40-34.zip
2016-12-07 03:47:07		Create part dev_themexperience_com-full-2016_12_06_19_40-35.zip
2016-12-07 03:47:08		Create part dev_themexperience_com-full-2016_12_06_19_40-36.zip
2016-12-07 03:47:10		Create part dev_themexperience_com-full-2016_12_06_19_40-37.zip
2016-12-07 03:47:10		Create part dev_themexperience_com-full-2016_12_06_19_40-38.zip
2016-12-07 03:47:11		Create part dev_themexperience_com-full-2016_12_06_19_40-39.zip
2016-12-07 03:47:11		Create part dev_themexperience_com-full-2016_12_06_19_40-40.zip
2016-12-07 03:47:11		Create part dev_themexperience_com-full-2016_12_06_19_40-41.zip
2016-12-07 03:47:12		Create part dev_themexperience_com-full-2016_12_06_19_40-42.zip
2016-12-07 03:47:12		Create part dev_themexperience_com-full-2016_12_06_19_40-43.zip
2016-12-07 03:47:12		Create part dev_themexperience_com-full-2016_12_06_19_40-44.zip
2016-12-07 03:47:13		Create part dev_themexperience_com-full-2016_12_06_19_40-45.zip
2016-12-07 03:47:13		Create part dev_themexperience_com-full-2016_12_06_19_40-46.zip
2016-12-07 03:47:13		Create part dev_themexperience_com-full-2016_12_06_19_40-47.zip
2016-12-07 03:47:13		Create part dev_themexperience_com-full-2016_12_06_19_40-48.zip
2016-12-07 03:47:14		Create part dev_themexperience_com-full-2016_12_06_19_40-49.zip
2016-12-07 03:47:14		Create part dev_themexperience_com-full-2016_12_06_19_40-50.zip
2016-12-07 03:47:14		Create part dev_themexperience_com-full-2016_12_06_19_40-51.zip
2016-12-07 03:47:14		Create part dev_themexperience_com-full-2016_12_06_19_40-52.zip
2016-12-07 03:47:15		Create part dev_themexperience_com-full-2016_12_06_19_40-53.zip
2016-12-07 03:47:15		Create part dev_themexperience_com-full-2016_12_06_19_40-54.zip
2016-12-07 03:47:15		Create part dev_themexperience_com-full-2016_12_06_19_40-55.zip
2016-12-07 03:47:15		Create part dev_themexperience_com-full-2016_12_06_19_40-56.zip
2016-12-07 03:47:16		Create part dev_themexperience_com-full-2016_12_06_19_40-57.zip
2016-12-07 03:47:16		Create part dev_themexperience_com-full-2016_12_06_19_40-58.zip
2016-12-07 03:47:17		Create part dev_themexperience_com-full-2016_12_06_19_40-59.zip
2016-12-07 03:47:17		Create part dev_themexperience_com-full-2016_12_06_19_40-60.zip
2016-12-07 03:47:17		Create part dev_themexperience_com-full-2016_12_06_19_40-61.zip
2016-12-07 03:47:17		Create part dev_themexperience_com-full-2016_12_06_19_40-62.zip
2016-12-07 03:47:18		Create part dev_themexperience_com-full-2016_12_06_19_40-63.zip
2016-12-07 03:47:18		Create part dev_themexperience_com-full-2016_12_06_19_40-64.zip
2016-12-07 03:47:18		Create part dev_themexperience_com-full-2016_12_06_19_40-65.zip
2016-12-07 03:47:19		Create part dev_themexperience_com-full-2016_12_06_19_40-66.zip
2016-12-07 03:47:19		Create part dev_themexperience_com-full-2016_12_06_19_40-67.zip
2016-12-07 03:47:19		Create part dev_themexperience_com-full-2016_12_06_19_40-68.zip
2016-12-07 03:47:19		Create part dev_themexperience_com-full-2016_12_06_19_40-69.zip
2016-12-07 03:47:20		Create part dev_themexperience_com-full-2016_12_06_19_40-70.zip
2016-12-07 03:47:20		Create part dev_themexperience_com-full-2016_12_06_19_40-71.zip
2016-12-07 03:47:20		Create part dev_themexperience_com-full-2016_12_06_19_40-72.zip
2016-12-07 03:47:21		Create part dev_themexperience_com-full-2016_12_06_19_40-73.zip
2016-12-07 03:47:21		Create part dev_themexperience_com-full-2016_12_06_19_40-74.zip
2016-12-07 03:47:22		Create part dev_themexperience_com-full-2016_12_06_19_40-75.zip
2016-12-07 03:47:22		Create part dev_themexperience_com-full-2016_12_06_19_40-76.zip
2016-12-07 03:47:22		Create part dev_themexperience_com-full-2016_12_06_19_40-77.zip
2016-12-07 03:47:23		Create part dev_themexperience_com-full-2016_12_06_19_40-78.zip
2016-12-07 03:47:23		Create part dev_themexperience_com-full-2016_12_06_19_40-79.zip
2016-12-07 03:47:24		Create part dev_themexperience_com-full-2016_12_06_19_40-80.zip
2016-12-07 03:47:24		Create part dev_themexperience_com-full-2016_12_06_19_40-81.zip
2016-12-07 03:47:25		Create part dev_themexperience_com-full-2016_12_06_19_40-82.zip
2016-12-07 03:47:25		Create part dev_themexperience_com-full-2016_12_06_19_40-83.zip
2016-12-07 03:47:26		Create part dev_themexperience_com-full-2016_12_06_19_40-84.zip
2016-12-07 03:47:26		Create part dev_themexperience_com-full-2016_12_06_19_40-85.zip
2016-12-07 03:47:27		Create part dev_themexperience_com-full-2016_12_06_19_40-86.zip
2016-12-07 03:47:27		Create part dev_themexperience_com-full-2016_12_06_19_40-87.zip
2016-12-07 03:47:27		Create part dev_themexperience_com-full-2016_12_06_19_40-88.zip
2016-12-07 03:47:28		Create part dev_themexperience_com-full-2016_12_06_19_40-89.zip
2016-12-07 03:47:28		Create part dev_themexperience_com-full-2016_12_06_19_40-90.zip
2016-12-07 03:47:28		Create part dev_themexperience_com-full-2016_12_06_19_40-91.zip
2016-12-07 03:47:28		Create part dev_themexperience_com-full-2016_12_06_19_40-92.zip
2016-12-07 03:47:29		Create part dev_themexperience_com-full-2016_12_06_19_40-93.zip
2016-12-07 03:47:29		Create part dev_themexperience_com-full-2016_12_06_19_40-94.zip
2016-12-07 03:47:29		Create part dev_themexperience_com-full-2016_12_06_19_40-95.zip
2016-12-07 03:47:29		Create part dev_themexperience_com-full-2016_12_06_19_40-96.zip
2016-12-07 03:47:30		Create part dev_themexperience_com-full-2016_12_06_19_40-97.zip
2016-12-07 03:47:30		Create part dev_themexperience_com-full-2016_12_06_19_40-98.zip
2016-12-07 03:47:30		Create part dev_themexperience_com-full-2016_12_06_19_40-99.zip
2016-12-07 03:47:31		Create part dev_themexperience_com-full-2016_12_06_19_40-100.zip
2016-12-07 03:47:31		Create part dev_themexperience_com-full-2016_12_06_19_40-101.zip
2016-12-07 03:47:31		Create part dev_themexperience_com-full-2016_12_06_19_40-102.zip
2016-12-07 03:47:31		Create part dev_themexperience_com-full-2016_12_06_19_40-103.zip
2016-12-07 03:47:32		Create part dev_themexperience_com-full-2016_12_06_19_40-104.zip
2016-12-07 03:47:32		Create part dev_themexperience_com-full-2016_12_06_19_40-105.zip
2016-12-07 03:47:32		Create part dev_themexperience_com-full-2016_12_06_19_40-106.zip
2016-12-07 03:47:32		Create part dev_themexperience_com-full-2016_12_06_19_40-107.zip
2016-12-07 03:47:32		Create part dev_themexperience_com-full-2016_12_06_19_40-108.zip
2016-12-07 03:47:33		Create part dev_themexperience_com-full-2016_12_06_19_40-109.zip
2016-12-07 03:47:33		Create part dev_themexperience_com-full-2016_12_06_19_40-110.zip
2016-12-07 03:47:33		Create part dev_themexperience_com-full-2016_12_06_19_40-111.zip
2016-12-07 03:47:34		Create part dev_themexperience_com-full-2016_12_06_19_40-112.zip
2016-12-07 03:47:34		Create part dev_themexperience_com-full-2016_12_06_19_40-113.zip
2016-12-07 03:47:34		Create part dev_themexperience_com-full-2016_12_06_19_40-114.zip
2016-12-07 03:47:34		Create part dev_themexperience_com-full-2016_12_06_19_40-115.zip
2016-12-07 03:47:35		Create part dev_themexperience_com-full-2016_12_06_19_40-116.zip
2016-12-07 03:47:35		Create part dev_themexperience_com-full-2016_12_06_19_40-117.zip
2016-12-07 03:47:35		Create part dev_themexperience_com-full-2016_12_06_19_40-118.zip
2016-12-07 03:47:36		Create part dev_themexperience_com-full-2016_12_06_19_40-119.zip
2016-12-07 03:47:36		Create part dev_themexperience_com-full-2016_12_06_19_40-120.zip
2016-12-07 03:47:36		Create part dev_themexperience_com-full-2016_12_06_19_40-121.zip
2016-12-07 03:47:37		Create part dev_themexperience_com-full-2016_12_06_19_40-122.zip
2016-12-07 03:47:37		Create part dev_themexperience_com-full-2016_12_06_19_40-123.zip
2016-12-07 03:47:37		Create part dev_themexperience_com-full-2016_12_06_19_40-124.zip
2016-12-07 03:47:38		Create part dev_themexperience_com-full-2016_12_06_19_40-125.zip
2016-12-07 03:47:38		Create part dev_themexperience_com-full-2016_12_06_19_40-126.zip
2016-12-07 03:47:39		Create part dev_themexperience_com-full-2016_12_06_19_40-127.zip
2016-12-07 03:47:39		Create part dev_themexperience_com-full-2016_12_06_19_40-128.zip
2016-12-07 03:47:39		Create part dev_themexperience_com-full-2016_12_06_19_40-129.zip
2016-12-07 03:47:40		Create part dev_themexperience_com-full-2016_12_06_19_40-130.zip
2016-12-07 03:47:40		Create part dev_themexperience_com-full-2016_12_06_19_40-131.zip
2016-12-07 03:47:40		Create part dev_themexperience_com-full-2016_12_06_19_40-132.zip
2016-12-07 03:47:41		Create part dev_themexperience_com-full-2016_12_06_19_40-133.zip
2016-12-07 03:47:41		Create part dev_themexperience_com-full-2016_12_06_19_40-134.zip
2016-12-07 03:47:41		Create part dev_themexperience_com-full-2016_12_06_19_40-135.zip
2016-12-07 03:47:42		Create part dev_themexperience_com-full-2016_12_06_19_40-136.zip
2016-12-07 03:47:42		Create part dev_themexperience_com-full-2016_12_06_19_40-137.zip
2016-12-07 03:47:42		Create part dev_themexperience_com-full-2016_12_06_19_40-138.zip
2016-12-07 03:47:43		Create part dev_themexperience_com-full-2016_12_06_19_40-139.zip
2016-12-07 03:47:43		Create part dev_themexperience_com-full-2016_12_06_19_40-140.zip
2016-12-07 03:47:43		Create part dev_themexperience_com-full-2016_12_06_19_40-141.zip
2016-12-07 03:47:44		Create part dev_themexperience_com-full-2016_12_06_19_40-142.zip
2016-12-07 03:47:44		Create part dev_themexperience_com-full-2016_12_06_19_40-143.zip
2016-12-07 03:47:44		Create part dev_themexperience_com-full-2016_12_06_19_40-144.zip
2016-12-07 03:47:45		Create part dev_themexperience_com-full-2016_12_06_19_40-145.zip
2016-12-07 03:47:45		Create part dev_themexperience_com-full-2016_12_06_19_40-146.zip
2016-12-07 03:47:45		Create part dev_themexperience_com-full-2016_12_06_19_40-147.zip
2016-12-07 03:47:45		Create part dev_themexperience_com-full-2016_12_06_19_40-148.zip
2016-12-07 03:47:46		Create part dev_themexperience_com-full-2016_12_06_19_40-149.zip
2016-12-07 03:47:46		Create part dev_themexperience_com-full-2016_12_06_19_40-150.zip
2016-12-07 03:47:46		Create part dev_themexperience_com-full-2016_12_06_19_40-151.zip
2016-12-07 03:47:47		Create part dev_themexperience_com-full-2016_12_06_19_40-152.zip
2016-12-07 03:47:47		Create part dev_themexperience_com-full-2016_12_06_19_40-153.zip
2016-12-07 03:47:47		Create part dev_themexperience_com-full-2016_12_06_19_40-154.zip
2016-12-07 03:47:48		Create part dev_themexperience_com-full-2016_12_06_19_40-155.zip
2016-12-07 03:47:48		Create part dev_themexperience_com-full-2016_12_06_19_40-156.zip
2016-12-07 03:47:49		Create part dev_themexperience_com-full-2016_12_06_19_40-157.zip
2016-12-07 03:47:49		Create part dev_themexperience_com-full-2016_12_06_19_40-158.zip
2016-12-07 03:47:50		Create part dev_themexperience_com-full-2016_12_06_19_40-159.zip
2016-12-07 03:47:50		Create part dev_themexperience_com-full-2016_12_06_19_40-160.zip
2016-12-07 03:47:51		Create part dev_themexperience_com-full-2016_12_06_19_40-161.zip
2016-12-07 03:47:51		Create part dev_themexperience_com-full-2016_12_06_19_40-162.zip
2016-12-07 03:47:52		Create part dev_themexperience_com-full-2016_12_06_19_40-163.zip
2016-12-07 03:47:53		Create part dev_themexperience_com-full-2016_12_06_19_40-164.zip
2016-12-07 03:47:53		Create part dev_themexperience_com-full-2016_12_06_19_40-165.zip
2016-12-07 03:47:53		Create part dev_themexperience_com-full-2016_12_06_19_40-166.zip
2016-12-07 03:47:54		Create part dev_themexperience_com-full-2016_12_06_19_40-167.zip
2016-12-07 03:47:54		Create part dev_themexperience_com-full-2016_12_06_19_40-168.zip
2016-12-07 03:47:55		Create part dev_themexperience_com-full-2016_12_06_19_40-169.zip
2016-12-07 03:47:55		Create part dev_themexperience_com-full-2016_12_06_19_40-170.zip
2016-12-07 03:47:56		Create part dev_themexperience_com-full-2016_12_06_19_40-171.zip
2016-12-07 03:47:56		Create part dev_themexperience_com-full-2016_12_06_19_40-172.zip
2016-12-07 03:47:57		Create part dev_themexperience_com-full-2016_12_06_19_40-173.zip
2016-12-07 03:47:57		Create part dev_themexperience_com-full-2016_12_06_19_40-174.zip
2016-12-07 03:47:58		Create part dev_themexperience_com-full-2016_12_06_19_40-175.zip
2016-12-07 03:47:58		Create part dev_themexperience_com-full-2016_12_06_19_40-176.zip
2016-12-07 03:47:58		Create part dev_themexperience_com-full-2016_12_06_19_40-177.zip
2016-12-07 03:47:58		Create part dev_themexperience_com-full-2016_12_06_19_40-178.zip
2016-12-07 03:47:59		Create part dev_themexperience_com-full-2016_12_06_19_40-179.zip
2016-12-07 03:47:59		Create part dev_themexperience_com-full-2016_12_06_19_40-180.zip
2016-12-07 03:47:59		Create part dev_themexperience_com-full-2016_12_06_19_40-181.zip
2016-12-07 03:47:59		Create part dev_themexperience_com-full-2016_12_06_19_40-182.zip
2016-12-07 03:48:00		Create part dev_themexperience_com-full-2016_12_06_19_40-183.zip
2016-12-07 03:48:00		Create part dev_themexperience_com-full-2016_12_06_19_40-184.zip
2016-12-07 03:48:00		Create part dev_themexperience_com-full-2016_12_06_19_40-185.zip
2016-12-07 03:48:01		Create part dev_themexperience_com-full-2016_12_06_19_40-186.zip
2016-12-07 03:48:01		Create part dev_themexperience_com-full-2016_12_06_19_40-187.zip
2016-12-07 03:48:01		Create part dev_themexperience_com-full-2016_12_06_19_40-188.zip
2016-12-07 03:48:01		Create part dev_themexperience_com-full-2016_12_06_19_40-189.zip
2016-12-07 03:48:02		Create part dev_themexperience_com-full-2016_12_06_19_40-190.zip
2016-12-07 03:48:02		Create part dev_themexperience_com-full-2016_12_06_19_40-191.zip
2016-12-07 03:48:03		Create part dev_themexperience_com-full-2016_12_06_19_40-192.zip
2016-12-07 03:48:03		Create part dev_themexperience_com-full-2016_12_06_19_40-193.zip
2016-12-07 03:48:03		Create part dev_themexperience_com-full-2016_12_06_19_40-194.zip
2016-12-07 03:48:04		Create part dev_themexperience_com-full-2016_12_06_19_40-195.zip
2016-12-07 03:48:05		Create part dev_themexperience_com-full-2016_12_06_19_40-196.zip
2016-12-07 03:48:07		Create part dev_themexperience_com-full-2016_12_06_19_40-197.zip
2016-12-07 03:48:11		Create part dev_themexperience_com-full-2016_12_06_19_40-198.zip
2016-12-07 03:48:13		Create part dev_themexperience_com-full-2016_12_06_19_40-199.zip
2016-12-07 03:48:14		Create part dev_themexperience_com-full-2016_12_06_19_40-200.zip
2016-12-07 03:48:20		Create part dev_themexperience_com-full-2016_12_06_19_40-201.zip
2016-12-07 03:48:22		Create part dev_themexperience_com-full-2016_12_06_19_40-202.zip
2016-12-07 03:48:25		Create part dev_themexperience_com-full-2016_12_06_19_40-203.zip
2016-12-07 03:48:28		Create part dev_themexperience_com-full-2016_12_06_19_40-204.zip
2016-12-07 03:48:34		Backup of Files was started
2016-12-07 03:48:34		End of File Backup
2016-12-07 03:48:34		Backup Size 232.2 Mb
2016-12-07 03:48:34		Backup creation was complete successfully!
2016-12-07 03:48:35		Start copy to Dropbox Cloud
2016-12-07 03:48:35		Send to dropbox files
2016-12-07 03:48:39		File upload: dev_themexperience_com-full-2016_12_06_19_40-1.zip size: 0.9 MB
2016-12-07 03:48:39		Send to dropbox files
2016-12-07 03:52:39		Start copy to Dropbox Cloud
2016-12-07 03:52:39		Send to dropbox files
2016-12-07 03:52:43		File upload: dev_themexperience_com-full-2016_12_06_19_40-10.zip size: 1 MB
2016-12-07 03:52:43		Send to dropbox files
2016-12-07 03:52:47		File upload: dev_themexperience_com-full-2016_12_06_19_40-100.zip size: 1.3 MB
2016-12-07 03:52:47		Send to dropbox files
2016-12-07 03:52:51		File upload: dev_themexperience_com-full-2016_12_06_19_40-101.zip size: 1.2 MB
2016-12-07 03:52:51		Send to dropbox files
2016-12-07 03:52:55		File upload: dev_themexperience_com-full-2016_12_06_19_40-102.zip size: 1.3 MB
2016-12-07 03:52:55		Send to dropbox files
2016-12-07 03:52:58		File upload: dev_themexperience_com-full-2016_12_06_19_40-103.zip size: 1.3 MB
2016-12-07 03:52:58		Send to dropbox files
2016-12-07 03:53:03		File upload: dev_themexperience_com-full-2016_12_06_19_40-104.zip size: 1.2 MB
2016-12-07 03:53:03		Send to dropbox files
2016-12-07 03:53:07		File upload: dev_themexperience_com-full-2016_12_06_19_40-105.zip size: 1.3 MB
2016-12-07 03:53:07		Send to dropbox files
2016-12-07 03:53:11		File upload: dev_themexperience_com-full-2016_12_06_19_40-106.zip size: 1.2 MB
2016-12-07 03:53:11		Send to dropbox files
2016-12-07 03:53:15		File upload: dev_themexperience_com-full-2016_12_06_19_40-107.zip size: 1.2 MB
2016-12-07 03:53:15		Send to dropbox files
2016-12-07 03:53:19		File upload: dev_themexperience_com-full-2016_12_06_19_40-108.zip size: 1.9 MB
2016-12-07 03:53:19		Send to dropbox files
2016-12-07 03:53:24		File upload: dev_themexperience_com-full-2016_12_06_19_40-109.zip size: 0.9 MB
2016-12-07 03:53:24		Send to dropbox files
2016-12-07 03:53:28		File upload: dev_themexperience_com-full-2016_12_06_19_40-11.zip size: 1.1 MB
2016-12-07 03:53:28		Send to dropbox files
2016-12-07 03:53:32		File upload: dev_themexperience_com-full-2016_12_06_19_40-110.zip size: 1.3 MB
2016-12-07 03:53:32		Send to dropbox files
2016-12-07 03:53:35		File upload: dev_themexperience_com-full-2016_12_06_19_40-111.zip size: 1.1 MB
2016-12-07 03:53:35		Send to dropbox files
2016-12-07 03:53:39		File upload: dev_themexperience_com-full-2016_12_06_19_40-112.zip size: 1 MB
2016-12-07 03:53:39		Send to dropbox files
2016-12-07 03:53:43		File upload: dev_themexperience_com-full-2016_12_06_19_40-113.zip size: 1.1 MB
2016-12-07 03:53:43		Send to dropbox files
2016-12-07 03:53:47		File upload: dev_themexperience_com-full-2016_12_06_19_40-114.zip size: 1.1 MB
2016-12-07 03:53:47		Send to dropbox files
2016-12-07 03:53:51		File upload: dev_themexperience_com-full-2016_12_06_19_40-115.zip size: 1.8 MB
2016-12-07 03:53:51		Send to dropbox files
2016-12-07 03:53:56		File upload: dev_themexperience_com-full-2016_12_06_19_40-116.zip size: 1.2 MB
2016-12-07 03:53:56		Send to dropbox files
2016-12-07 03:54:00		File upload: dev_themexperience_com-full-2016_12_06_19_40-117.zip size: 0.9 MB
2016-12-07 03:54:00		Send to dropbox files
2016-12-07 03:54:05		File upload: dev_themexperience_com-full-2016_12_06_19_40-118.zip size: 1.3 MB
2016-12-07 03:54:05		Send to dropbox files
2016-12-07 03:54:08		File upload: dev_themexperience_com-full-2016_12_06_19_40-119.zip size: 892.2 KB
2016-12-07 03:54:08		Send to dropbox files
2016-12-07 03:54:12		File upload: dev_themexperience_com-full-2016_12_06_19_40-12.zip size: 1 MB
2016-12-07 03:54:12		Send to dropbox files
2016-12-07 03:54:16		File upload: dev_themexperience_com-full-2016_12_06_19_40-120.zip size: 1.1 MB
2016-12-07 03:54:16		Send to dropbox files
2016-12-07 03:54:19		File upload: dev_themexperience_com-full-2016_12_06_19_40-121.zip size: 1.3 MB
2016-12-07 03:54:19		Send to dropbox files
2016-12-07 03:54:23		File upload: dev_themexperience_com-full-2016_12_06_19_40-122.zip size: 1.1 MB
2016-12-07 03:54:23		Send to dropbox files
2016-12-07 03:54:27		File upload: dev_themexperience_com-full-2016_12_06_19_40-123.zip size: 1.2 MB
2016-12-07 03:54:27		Send to dropbox files
2016-12-07 03:54:31		File upload: dev_themexperience_com-full-2016_12_06_19_40-124.zip size: 1.2 MB
2016-12-07 03:54:31		Send to dropbox files
2016-12-07 03:54:34		File upload: dev_themexperience_com-full-2016_12_06_19_40-125.zip size: 0.9 MB
2016-12-07 03:54:34		Send to dropbox files
2016-12-07 03:54:39		File upload: dev_themexperience_com-full-2016_12_06_19_40-126.zip size: 1.5 MB
2016-12-07 03:54:39		Send to dropbox files
2016-12-07 03:54:43		File upload: dev_themexperience_com-full-2016_12_06_19_40-127.zip size: 1.3 MB
2016-12-07 03:54:43		Send to dropbox files
2016-12-07 03:57:39		Start copy to Dropbox Cloud
2016-12-07 03:57:39		Send to dropbox files
2016-12-07 03:57:41		Send to dropbox files
2016-12-07 03:57:45		File upload: dev_themexperience_com-full-2016_12_06_19_40-129.zip size: 1.3 MB
2016-12-07 03:57:45		Send to dropbox files
2016-12-07 03:57:51		File upload: dev_themexperience_com-full-2016_12_06_19_40-13.zip size: 1.4 MB
2016-12-07 03:57:51		Send to dropbox files
2016-12-07 03:57:54		File upload: dev_themexperience_com-full-2016_12_06_19_40-130.zip size: 1.1 MB
2016-12-07 03:57:54		Send to dropbox files
2016-12-07 03:57:58		File upload: dev_themexperience_com-full-2016_12_06_19_40-131.zip size: 1.1 MB
2016-12-07 03:57:58		Send to dropbox files
2016-12-07 03:58:02		File upload: dev_themexperience_com-full-2016_12_06_19_40-132.zip size: 1.1 MB
2016-12-07 03:58:02		Send to dropbox files
2016-12-07 03:58:06		File upload: dev_themexperience_com-full-2016_12_06_19_40-133.zip size: 0.9 MB
2016-12-07 03:58:06		Send to dropbox files
2016-12-07 03:58:09		File upload: dev_themexperience_com-full-2016_12_06_19_40-134.zip size: 0.9 MB
2016-12-07 03:58:09		Send to dropbox files
2016-12-07 03:58:13		File upload: dev_themexperience_com-full-2016_12_06_19_40-135.zip size: 1.1 MB
2016-12-07 03:58:13		Send to dropbox files
2016-12-07 03:58:16		File upload: dev_themexperience_com-full-2016_12_06_19_40-136.zip size: 1 MB
2016-12-07 03:58:16		Send to dropbox files
2016-12-07 03:58:20		File upload: dev_themexperience_com-full-2016_12_06_19_40-137.zip size: 1.1 MB
2016-12-07 03:58:20		Send to dropbox files
2016-12-07 03:58:24		File upload: dev_themexperience_com-full-2016_12_06_19_40-138.zip size: 1.1 MB
2016-12-07 03:58:24		Send to dropbox files
2016-12-07 03:58:28		File upload: dev_themexperience_com-full-2016_12_06_19_40-139.zip size: 0.9 MB
2016-12-07 03:58:28		Send to dropbox files
2016-12-07 03:58:31		File upload: dev_themexperience_com-full-2016_12_06_19_40-14.zip size: 0.9 MB
2016-12-07 03:58:31		Send to dropbox files
2016-12-07 03:58:35		File upload: dev_themexperience_com-full-2016_12_06_19_40-140.zip size: 1 MB
2016-12-07 03:58:35		Send to dropbox files
2016-12-07 03:58:39		File upload: dev_themexperience_com-full-2016_12_06_19_40-141.zip size: 1 MB
2016-12-07 03:58:39		Send to dropbox files
2016-12-07 03:58:42		File upload: dev_themexperience_com-full-2016_12_06_19_40-142.zip size: 1 MB
2016-12-07 03:58:42		Send to dropbox files
2016-12-07 03:58:46		File upload: dev_themexperience_com-full-2016_12_06_19_40-143.zip size: 0.9 MB
2016-12-07 03:58:46		Send to dropbox files
2016-12-07 03:58:49		File upload: dev_themexperience_com-full-2016_12_06_19_40-144.zip size: 1 MB
2016-12-07 03:58:49		Send to dropbox files
2016-12-07 03:58:53		File upload: dev_themexperience_com-full-2016_12_06_19_40-145.zip size: 0.9 MB
2016-12-07 03:58:53		Send to dropbox files
2016-12-07 03:58:58		File upload: dev_themexperience_com-full-2016_12_06_19_40-146.zip size: 0.9 MB
2016-12-07 03:58:58		Send to dropbox files
2016-12-07 03:59:02		File upload: dev_themexperience_com-full-2016_12_06_19_40-147.zip size: 1 MB
2016-12-07 03:59:02		Send to dropbox files
2016-12-07 03:59:06		File upload: dev_themexperience_com-full-2016_12_06_19_40-148.zip size: 1.1 MB
2016-12-07 03:59:06		Send to dropbox files
2016-12-07 03:59:10		File upload: dev_themexperience_com-full-2016_12_06_19_40-149.zip size: 1 MB
2016-12-07 03:59:10		Send to dropbox files
2016-12-07 03:59:13		File upload: dev_themexperience_com-full-2016_12_06_19_40-15.zip size: 882.6 KB
2016-12-07 03:59:13		Send to dropbox files
2016-12-07 03:59:17		File upload: dev_themexperience_com-full-2016_12_06_19_40-150.zip size: 0.9 MB
2016-12-07 03:59:17		Send to dropbox files
2016-12-07 03:59:20		File upload: dev_themexperience_com-full-2016_12_06_19_40-151.zip size: 0.9 MB
2016-12-07 03:59:20		Send to dropbox files
2016-12-07 03:59:24		File upload: dev_themexperience_com-full-2016_12_06_19_40-152.zip size: 1.4 MB
2016-12-07 03:59:24		Send to dropbox files
2016-12-07 03:59:28		File upload: dev_themexperience_com-full-2016_12_06_19_40-153.zip size: 891.9 KB
2016-12-07 03:59:28		Send to dropbox files
2016-12-07 03:59:31		File upload: dev_themexperience_com-full-2016_12_06_19_40-154.zip size: 1 MB
2016-12-07 03:59:31		Send to dropbox files
2016-12-07 03:59:35		File upload: dev_themexperience_com-full-2016_12_06_19_40-155.zip size: 898.5 KB
2016-12-07 03:59:35		Send to dropbox files
2016-12-07 03:59:39		File upload: dev_themexperience_com-full-2016_12_06_19_40-156.zip size: 1 MB
2016-12-07 03:59:39		Send to dropbox files
2016-12-07 03:59:43		File upload: dev_themexperience_com-full-2016_12_06_19_40-157.zip size: 1.2 MB
2016-12-07 03:59:43		Send to dropbox files
2016-12-07 04:03:38		Start copy to Dropbox Cloud
2016-12-07 04:03:38		Send to dropbox files
2016-12-07 04:03:42		File upload: dev_themexperience_com-full-2016_12_06_19_40-158.zip size: 1 MB
2016-12-07 04:03:42		Send to dropbox files
2016-12-07 04:03:46		File upload: dev_themexperience_com-full-2016_12_06_19_40-159.zip size: 0.9 MB
2016-12-07 04:03:46		Send to dropbox files
2016-12-07 04:03:49		File upload: dev_themexperience_com-full-2016_12_06_19_40-16.zip size: 1.1 MB
2016-12-07 04:03:49		Send to dropbox files
2016-12-07 04:03:53		File upload: dev_themexperience_com-full-2016_12_06_19_40-160.zip size: 1.3 MB
2016-12-07 04:03:53		Send to dropbox files
2016-12-07 04:03:57		File upload: dev_themexperience_com-full-2016_12_06_19_40-161.zip size: 1 MB
2016-12-07 04:03:57		Send to dropbox files
2016-12-07 04:04:02		File upload: dev_themexperience_com-full-2016_12_06_19_40-162.zip size: 0.9 MB
2016-12-07 04:04:02		Send to dropbox files
2016-12-07 04:04:06		File upload: dev_themexperience_com-full-2016_12_06_19_40-163.zip size: 1 MB
2016-12-07 04:04:06		Send to dropbox files
2016-12-07 04:04:10		File upload: dev_themexperience_com-full-2016_12_06_19_40-164.zip size: 1 MB
2016-12-07 04:04:10		Send to dropbox files
2016-12-07 04:04:13		File upload: dev_themexperience_com-full-2016_12_06_19_40-165.zip size: 0.9 MB
2016-12-07 04:04:13		Send to dropbox files
2016-12-07 04:04:17		File upload: dev_themexperience_com-full-2016_12_06_19_40-166.zip size: 1.3 MB
2016-12-07 04:04:17		Send to dropbox files
2016-12-07 04:04:20		File upload: dev_themexperience_com-full-2016_12_06_19_40-167.zip size: 0.9 MB
2016-12-07 04:04:20		Send to dropbox files
2016-12-07 04:04:24		File upload: dev_themexperience_com-full-2016_12_06_19_40-168.zip size: 1.3 MB
2016-12-07 04:04:24		Send to dropbox files
2016-12-07 04:04:28		File upload: dev_themexperience_com-full-2016_12_06_19_40-169.zip size: 1.3 MB
2016-12-07 04:04:28		Send to dropbox files
2016-12-07 04:04:32		File upload: dev_themexperience_com-full-2016_12_06_19_40-17.zip size: 1 MB
2016-12-07 04:04:32		Send to dropbox files
2016-12-07 04:04:36		File upload: dev_themexperience_com-full-2016_12_06_19_40-170.zip size: 1.3 MB
2016-12-07 04:04:36		Send to dropbox files
2016-12-07 04:04:40		File upload: dev_themexperience_com-full-2016_12_06_19_40-171.zip size: 886.7 KB
2016-12-07 04:04:40		Send to dropbox files
2016-12-07 04:04:44		File upload: dev_themexperience_com-full-2016_12_06_19_40-172.zip size: 1.1 MB
2016-12-07 04:04:44		Send to dropbox files
2016-12-07 04:04:48		File upload: dev_themexperience_com-full-2016_12_06_19_40-173.zip size: 2 MB
2016-12-07 04:04:48		Send to dropbox files
2016-12-07 04:04:52		File upload: dev_themexperience_com-full-2016_12_06_19_40-174.zip size: 0.9 MB
2016-12-07 04:04:52		Send to dropbox files
2016-12-07 04:04:56		File upload: dev_themexperience_com-full-2016_12_06_19_40-175.zip size: 1.2 MB
2016-12-07 04:04:56		Send to dropbox files
2016-12-07 04:05:00		File upload: dev_themexperience_com-full-2016_12_06_19_40-176.zip size: 1 MB
2016-12-07 04:05:00		Send to dropbox files
2016-12-07 04:05:05		File upload: dev_themexperience_com-full-2016_12_06_19_40-177.zip size: 1.1 MB
2016-12-07 04:05:05		Send to dropbox files
2016-12-07 04:05:09		File upload: dev_themexperience_com-full-2016_12_06_19_40-178.zip size: 1 MB
2016-12-07 04:05:09		Send to dropbox files
2016-12-07 04:05:13		File upload: dev_themexperience_com-full-2016_12_06_19_40-179.zip size: 1.7 MB
2016-12-07 04:05:13		Send to dropbox files
2016-12-07 04:05:16		File upload: dev_themexperience_com-full-2016_12_06_19_40-18.zip size: 0.9 MB
2016-12-07 04:05:16		Send to dropbox files
2016-12-07 04:05:20		File upload: dev_themexperience_com-full-2016_12_06_19_40-180.zip size: 1 MB
2016-12-07 04:05:20		Send to dropbox files
2016-12-07 04:05:24		File upload: dev_themexperience_com-full-2016_12_06_19_40-181.zip size: 0.9 MB
2016-12-07 04:05:24		Send to dropbox files
2016-12-07 04:05:27		File upload: dev_themexperience_com-full-2016_12_06_19_40-182.zip size: 1 MB
2016-12-07 04:05:27		Send to dropbox files
2016-12-07 04:05:31		File upload: dev_themexperience_com-full-2016_12_06_19_40-183.zip size: 0.9 MB
2016-12-07 04:05:31		Send to dropbox files
2016-12-07 04:05:35		File upload: dev_themexperience_com-full-2016_12_06_19_40-184.zip size: 1 MB
2016-12-07 04:05:35		Send to dropbox files
2016-12-07 04:05:38		File upload: dev_themexperience_com-full-2016_12_06_19_40-185.zip size: 1.2 MB
2016-12-07 04:05:38		Send to dropbox files
2016-12-07 04:05:42		File upload: dev_themexperience_com-full-2016_12_06_19_40-186.zip size: 1.1 MB
2016-12-07 04:05:42		Send to dropbox files
2016-12-07 04:05:46		File upload: dev_themexperience_com-full-2016_12_06_19_40-187.zip size: 0.9 MB
2016-12-07 04:05:46		Send to dropbox files
2016-12-07 04:08:38		Start copy to Dropbox Cloud
2016-12-07 04:08:38		Send to dropbox files
2016-12-07 04:08:42		File upload: dev_themexperience_com-full-2016_12_06_19_40-188.zip size: 0.9 MB
2016-12-07 04:08:42		Send to dropbox files
2016-12-07 04:08:46		File upload: dev_themexperience_com-full-2016_12_06_19_40-189.zip size: 1.4 MB
2016-12-07 04:08:46		Send to dropbox files
2016-12-07 04:08:51		File upload: dev_themexperience_com-full-2016_12_06_19_40-19.zip size: 0.9 MB
2016-12-07 04:08:51		Send to dropbox files
2016-12-07 04:08:55		File upload: dev_themexperience_com-full-2016_12_06_19_40-190.zip size: 1 MB
2016-12-07 04:08:55		Send to dropbox files
2016-12-07 04:08:58		File upload: dev_themexperience_com-full-2016_12_06_19_40-191.zip size: 1 MB
2016-12-07 04:08:58		Send to dropbox files
2016-12-07 04:09:03		File upload: dev_themexperience_com-full-2016_12_06_19_40-192.zip size: 886.2 KB
2016-12-07 04:09:03		Send to dropbox files
2016-12-07 04:09:06		File upload: dev_themexperience_com-full-2016_12_06_19_40-193.zip size: 0.9 MB
2016-12-07 04:09:06		Send to dropbox files
2016-12-07 04:09:10		File upload: dev_themexperience_com-full-2016_12_06_19_40-194.zip size: 886.2 KB
2016-12-07 04:09:10		Send to dropbox files
2016-12-07 04:09:14		File upload: dev_themexperience_com-full-2016_12_06_19_40-195.zip size: 1 MB
2016-12-07 04:09:14		Send to dropbox files
2016-12-07 04:09:17		File upload: dev_themexperience_com-full-2016_12_06_19_40-196.zip size: 1 MB
2016-12-07 04:09:17		Send to dropbox files
2016-12-07 04:09:21		File upload: dev_themexperience_com-full-2016_12_06_19_40-197.zip size: 0.9 MB
2016-12-07 04:09:21		Send to dropbox files
2016-12-07 04:09:25		File upload: dev_themexperience_com-full-2016_12_06_19_40-198.zip size: 2.1 MB
2016-12-07 04:09:25		Send to dropbox files
2016-12-07 04:09:30		File upload: dev_themexperience_com-full-2016_12_06_19_40-199.zip size: 888.3 KB
2016-12-07 04:09:30		Send to dropbox files
2016-12-07 04:09:34		File upload: dev_themexperience_com-full-2016_12_06_19_40-2.zip size: 890.6 KB
2016-12-07 04:09:34		Send to dropbox files
2016-12-07 04:09:38		File upload: dev_themexperience_com-full-2016_12_06_19_40-20.zip size: 1 MB
2016-12-07 04:09:38		Send to dropbox files
2016-12-07 04:09:41		File upload: dev_themexperience_com-full-2016_12_06_19_40-200.zip size: 1 MB
2016-12-07 04:09:41		Send to dropbox files
2016-12-07 04:09:45		File upload: dev_themexperience_com-full-2016_12_06_19_40-201.zip size: 0.9 MB
2016-12-07 04:09:45		Send to dropbox files
2016-12-07 04:09:49		File upload: dev_themexperience_com-full-2016_12_06_19_40-202.zip size: 0.9 MB
2016-12-07 04:09:49		Send to dropbox files
2016-12-07 04:09:52		File upload: dev_themexperience_com-full-2016_12_06_19_40-203.zip size: 0.9 MB
2016-12-07 04:09:52		Send to dropbox files
2016-12-07 04:09:57		File upload: dev_themexperience_com-full-2016_12_06_19_40-204.zip size: 2.2 MB
2016-12-07 04:09:57		Send to dropbox files
2016-12-07 04:10:00		File upload: dev_themexperience_com-full-2016_12_06_19_40-21.zip size: 0.9 MB
2016-12-07 04:10:00		Send to dropbox files
2016-12-07 04:10:05		File upload: dev_themexperience_com-full-2016_12_06_19_40-22.zip size: 0.9 MB
2016-12-07 04:10:05		Send to dropbox files
2016-12-07 04:10:09		File upload: dev_themexperience_com-full-2016_12_06_19_40-23.zip size: 0.9 MB
2016-12-07 04:10:09		Send to dropbox files
2016-12-07 04:10:13		File upload: dev_themexperience_com-full-2016_12_06_19_40-24.zip size: 0.9 MB
2016-12-07 04:10:13		Send to dropbox files
2016-12-07 04:10:16		File upload: dev_themexperience_com-full-2016_12_06_19_40-25.zip size: 0.9 MB
2016-12-07 04:10:16		Send to dropbox files
2016-12-07 04:10:20		File upload: dev_themexperience_com-full-2016_12_06_19_40-26.zip size: 0.9 MB
2016-12-07 04:10:20		Send to dropbox files
2016-12-07 04:10:23		File upload: dev_themexperience_com-full-2016_12_06_19_40-27.zip size: 0.9 MB
2016-12-07 04:10:23		Send to dropbox files
2016-12-07 04:10:27		File upload: dev_themexperience_com-full-2016_12_06_19_40-28.zip size: 880.3 KB
2016-12-07 04:10:27		Send to dropbox files
2016-12-07 04:10:30		File upload: dev_themexperience_com-full-2016_12_06_19_40-29.zip size: 0.9 MB
2016-12-07 04:10:30		Send to dropbox files
2016-12-07 04:10:34		File upload: dev_themexperience_com-full-2016_12_06_19_40-3.zip size: 896.1 KB
2016-12-07 04:10:34		Send to dropbox files
2016-12-07 04:10:38		File upload: dev_themexperience_com-full-2016_12_06_19_40-30.zip size: 0.9 MB
2016-12-07 04:10:38		Send to dropbox files
2016-12-07 04:10:41		File upload: dev_themexperience_com-full-2016_12_06_19_40-31.zip size: 889.2 KB
2016-12-07 04:10:41		Send to dropbox files
2016-12-07 04:10:45		File upload: dev_themexperience_com-full-2016_12_06_19_40-32.zip size: 0.9 MB
2016-12-07 04:10:45		Send to dropbox files
2016-12-07 04:13:38		Start copy to Dropbox Cloud
2016-12-07 04:13:39		Send to dropbox files
2016-12-07 04:13:42		File upload: dev_themexperience_com-full-2016_12_06_19_40-33.zip size: 0.9 MB
2016-12-07 04:13:42		Send to dropbox files
2016-12-07 04:13:46		File upload: dev_themexperience_com-full-2016_12_06_19_40-34.zip size: 889 KB
2016-12-07 04:13:46		Send to dropbox files
2016-12-07 04:13:49		File upload: dev_themexperience_com-full-2016_12_06_19_40-35.zip size: 0.9 MB
2016-12-07 04:13:49		Send to dropbox files
2016-12-07 04:13:54		File upload: dev_themexperience_com-full-2016_12_06_19_40-36.zip size: 3.7 MB
2016-12-07 04:13:54		Send to dropbox files
2016-12-07 04:13:59		File upload: dev_themexperience_com-full-2016_12_06_19_40-37.zip size: 2 MB
2016-12-07 04:13:59		Send to dropbox files
2016-12-07 04:14:02		File upload: dev_themexperience_com-full-2016_12_06_19_40-38.zip size: 1 MB
2016-12-07 04:14:02		Send to dropbox files
2016-12-07 04:14:06		File upload: dev_themexperience_com-full-2016_12_06_19_40-39.zip size: 1.1 MB
2016-12-07 04:14:06		Send to dropbox files
2016-12-07 04:14:10		File upload: dev_themexperience_com-full-2016_12_06_19_40-4.zip size: 1 MB
2016-12-07 04:14:10		Send to dropbox files
2016-12-07 04:14:14		File upload: dev_themexperience_com-full-2016_12_06_19_40-40.zip size: 897.5 KB
2016-12-07 04:14:14		Send to dropbox files
2016-12-07 04:14:18		File upload: dev_themexperience_com-full-2016_12_06_19_40-41.zip size: 1.2 MB
2016-12-07 04:14:18		Send to dropbox files
2016-12-07 04:14:21		File upload: dev_themexperience_com-full-2016_12_06_19_40-42.zip size: 897.5 KB
2016-12-07 04:14:21		Send to dropbox files
2016-12-07 04:14:25		File upload: dev_themexperience_com-full-2016_12_06_19_40-43.zip size: 0.9 MB
2016-12-07 04:14:25		Send to dropbox files
2016-12-07 04:14:29		File upload: dev_themexperience_com-full-2016_12_06_19_40-44.zip size: 1.7 MB
2016-12-07 04:14:29		Send to dropbox files
2016-12-07 04:14:33		File upload: dev_themexperience_com-full-2016_12_06_19_40-45.zip size: 1.1 MB
2016-12-07 04:14:33		Send to dropbox files
2016-12-07 04:14:37		File upload: dev_themexperience_com-full-2016_12_06_19_40-46.zip size: 1 MB
2016-12-07 04:14:37		Send to dropbox files
2016-12-07 04:14:41		File upload: dev_themexperience_com-full-2016_12_06_19_40-47.zip size: 1 MB
2016-12-07 04:14:41		Send to dropbox files
2016-12-07 04:14:45		File upload: dev_themexperience_com-full-2016_12_06_19_40-48.zip size: 1 MB
2016-12-07 04:14:45		Send to dropbox files
2016-12-07 04:14:49		File upload: dev_themexperience_com-full-2016_12_06_19_40-49.zip size: 1.7 MB
2016-12-07 04:14:49		Send to dropbox files
2016-12-07 04:14:53		File upload: dev_themexperience_com-full-2016_12_06_19_40-5.zip size: 2 MB
2016-12-07 04:14:53		Send to dropbox files
2016-12-07 04:14:57		File upload: dev_themexperience_com-full-2016_12_06_19_40-50.zip size: 1 MB
2016-12-07 04:14:57		Send to dropbox files
2016-12-07 04:15:02		File upload: dev_themexperience_com-full-2016_12_06_19_40-51.zip size: 2 MB
2016-12-07 04:15:02		Send to dropbox files
2016-12-07 04:15:06		File upload: dev_themexperience_com-full-2016_12_06_19_40-52.zip size: 1.2 MB
2016-12-07 04:15:06		Send to dropbox files
2016-12-07 04:15:10		File upload: dev_themexperience_com-full-2016_12_06_19_40-53.zip size: 1.2 MB
2016-12-07 04:15:10		Send to dropbox files
2016-12-07 04:15:14		File upload: dev_themexperience_com-full-2016_12_06_19_40-54.zip size: 1.9 MB
2016-12-07 04:15:14		Send to dropbox files
2016-12-07 04:15:18		File upload: dev_themexperience_com-full-2016_12_06_19_40-55.zip size: 1.1 MB
2016-12-07 04:15:18		Send to dropbox files
2016-12-07 04:15:22		File upload: dev_themexperience_com-full-2016_12_06_19_40-56.zip size: 1.1 MB
2016-12-07 04:15:22		Send to dropbox files
2016-12-07 04:15:26		File upload: dev_themexperience_com-full-2016_12_06_19_40-57.zip size: 1.1 MB
2016-12-07 04:15:26		Send to dropbox files
2016-12-07 04:15:30		File upload: dev_themexperience_com-full-2016_12_06_19_40-58.zip size: 2.2 MB
2016-12-07 04:15:30		Send to dropbox files
2016-12-07 04:15:34		File upload: dev_themexperience_com-full-2016_12_06_19_40-59.zip size: 1.6 MB
2016-12-07 04:15:34		Send to dropbox files
2016-12-07 04:15:38		File upload: dev_themexperience_com-full-2016_12_06_19_40-6.zip size: 1.3 MB
2016-12-07 04:15:38		Send to dropbox files
2016-12-07 04:15:42		File upload: dev_themexperience_com-full-2016_12_06_19_40-60.zip size: 1.3 MB
2016-12-07 04:15:42		Send to dropbox files
2016-12-07 04:18:06		Start copy to Dropbox Cloud
2016-12-07 04:18:06		Send to dropbox files
2016-12-07 04:18:10		File upload: dev_themexperience_com-full-2016_12_06_19_40-61.zip size: 1.2 MB
2016-12-07 04:18:10		Send to dropbox files
2016-12-07 04:18:14		File upload: dev_themexperience_com-full-2016_12_06_19_40-62.zip size: 1.1 MB
2016-12-07 04:18:14		Send to dropbox files
2016-12-07 04:18:19		File upload: dev_themexperience_com-full-2016_12_06_19_40-63.zip size: 1 MB
2016-12-07 04:18:19		Send to dropbox files
2016-12-07 04:18:24		File upload: dev_themexperience_com-full-2016_12_06_19_40-64.zip size: 1 MB
2016-12-07 04:18:24		Send to dropbox files
2016-12-07 04:18:28		File upload: dev_themexperience_com-full-2016_12_06_19_40-65.zip size: 1.1 MB
2016-12-07 04:18:28		Send to dropbox files
2016-12-07 04:18:32		File upload: dev_themexperience_com-full-2016_12_06_19_40-66.zip size: 0.9 MB
2016-12-07 04:18:32		Send to dropbox files
2016-12-07 04:18:35		File upload: dev_themexperience_com-full-2016_12_06_19_40-67.zip size: 899.5 KB
2016-12-07 04:18:35		Send to dropbox files
2016-12-07 04:18:39		File upload: dev_themexperience_com-full-2016_12_06_19_40-68.zip size: 1.5 MB
2016-12-07 04:18:39		Send to dropbox files
2016-12-07 04:18:43		File upload: dev_themexperience_com-full-2016_12_06_19_40-69.zip size: 1 MB
2016-12-07 04:18:43		Send to dropbox files
2016-12-07 04:18:47		File upload: dev_themexperience_com-full-2016_12_06_19_40-7.zip size: 1.1 MB
2016-12-07 04:18:47		Send to dropbox files
2016-12-07 04:18:51		File upload: dev_themexperience_com-full-2016_12_06_19_40-70.zip size: 1 MB
2016-12-07 04:18:51		Send to dropbox files
2016-12-07 04:18:55		File upload: dev_themexperience_com-full-2016_12_06_19_40-71.zip size: 1.1 MB
2016-12-07 04:18:55		Send to dropbox files
2016-12-07 04:18:59		File upload: dev_themexperience_com-full-2016_12_06_19_40-72.zip size: 1.3 MB
2016-12-07 04:18:59		Send to dropbox files
2016-12-07 04:19:04		File upload: dev_themexperience_com-full-2016_12_06_19_40-73.zip size: 0.9 MB
2016-12-07 04:19:04		Send to dropbox files
2016-12-07 04:19:08		File upload: dev_themexperience_com-full-2016_12_06_19_40-74.zip size: 1 MB
2016-12-07 04:19:08		Send to dropbox files
2016-12-07 04:19:12		File upload: dev_themexperience_com-full-2016_12_06_19_40-75.zip size: 1.6 MB
2016-12-07 04:19:12		Send to dropbox files
2016-12-07 04:19:15		File upload: dev_themexperience_com-full-2016_12_06_19_40-76.zip size: 1 MB
2016-12-07 04:19:15		Send to dropbox files
2016-12-07 04:19:19		File upload: dev_themexperience_com-full-2016_12_06_19_40-77.zip size: 1 MB
2016-12-07 04:19:19		Send to dropbox files
2016-12-07 04:19:23		File upload: dev_themexperience_com-full-2016_12_06_19_40-78.zip size: 0.9 MB
2016-12-07 04:19:23		Send to dropbox files
2016-12-07 04:19:26		File upload: dev_themexperience_com-full-2016_12_06_19_40-79.zip size: 0.9 MB
2016-12-07 04:19:26		Send to dropbox files
2016-12-07 04:19:30		File upload: dev_themexperience_com-full-2016_12_06_19_40-8.zip size: 0.9 MB
2016-12-07 04:19:30		Send to dropbox files
2016-12-07 04:19:34		File upload: dev_themexperience_com-full-2016_12_06_19_40-80.zip size: 0.9 MB
2016-12-07 04:19:34		Send to dropbox files
2016-12-07 04:19:37		File upload: dev_themexperience_com-full-2016_12_06_19_40-81.zip size: 893.5 KB
2016-12-07 04:19:37		Send to dropbox files
2016-12-07 04:19:41		File upload: dev_themexperience_com-full-2016_12_06_19_40-82.zip size: 1.3 MB
2016-12-07 04:19:41		Send to dropbox files
2016-12-07 04:19:45		File upload: dev_themexperience_com-full-2016_12_06_19_40-83.zip size: 1.2 MB
2016-12-07 04:19:45		Send to dropbox files
2016-12-07 04:19:49		File upload: dev_themexperience_com-full-2016_12_06_19_40-84.zip size: 1.3 MB
2016-12-07 04:19:49		Send to dropbox files
2016-12-07 04:19:52		File upload: dev_themexperience_com-full-2016_12_06_19_40-85.zip size: 1.4 MB
2016-12-07 04:19:53		Send to dropbox files
2016-12-07 04:19:56		File upload: dev_themexperience_com-full-2016_12_06_19_40-86.zip size: 1.3 MB
2016-12-07 04:19:56		Send to dropbox files
2016-12-07 04:20:00		File upload: dev_themexperience_com-full-2016_12_06_19_40-87.zip size: 1.2 MB
2016-12-07 04:20:00		Send to dropbox files
2016-12-07 04:20:05		File upload: dev_themexperience_com-full-2016_12_06_19_40-88.zip size: 1.2 MB
2016-12-07 04:20:05		Send to dropbox files
2016-12-07 04:20:09		File upload: dev_themexperience_com-full-2016_12_06_19_40-89.zip size: 1.3 MB
2016-12-07 04:20:09		Send to dropbox files
2016-12-07 04:20:13		File upload: dev_themexperience_com-full-2016_12_06_19_40-9.zip size: 0.9 MB
2016-12-07 04:20:13		Send to dropbox files
2016-12-07 04:22:37		Start copy to Dropbox Cloud
2016-12-07 04:22:37		Send to dropbox files
2016-12-07 04:22:41		File upload: dev_themexperience_com-full-2016_12_06_19_40-90.zip size: 1.1 MB
2016-12-07 04:22:41		Send to dropbox files
2016-12-07 04:22:45		File upload: dev_themexperience_com-full-2016_12_06_19_40-91.zip size: 1 MB
2016-12-07 04:22:45		Send to dropbox files
2016-12-07 04:22:50		File upload: dev_themexperience_com-full-2016_12_06_19_40-92.zip size: 1.5 MB
2016-12-07 04:22:50		Send to dropbox files
2016-12-07 04:22:54		File upload: dev_themexperience_com-full-2016_12_06_19_40-93.zip size: 1 MB
2016-12-07 04:22:54		Send to dropbox files
2016-12-07 04:22:58		File upload: dev_themexperience_com-full-2016_12_06_19_40-94.zip size: 1.3 MB
2016-12-07 04:22:58		Send to dropbox files
2016-12-07 04:23:02		File upload: dev_themexperience_com-full-2016_12_06_19_40-95.zip size: 1.4 MB
2016-12-07 04:23:02		Send to dropbox files
2016-12-07 04:23:07		File upload: dev_themexperience_com-full-2016_12_06_19_40-96.zip size: 1.3 MB
2016-12-07 04:23:07		Send to dropbox files
2016-12-07 04:23:10		File upload: dev_themexperience_com-full-2016_12_06_19_40-97.zip size: 1.2 MB
2016-12-07 04:23:10		Send to dropbox files
2016-12-07 04:23:14		File upload: dev_themexperience_com-full-2016_12_06_19_40-98.zip size: 1.2 MB
2016-12-07 04:23:14		Send to dropbox files
2016-12-07 04:23:18		File upload: dev_themexperience_com-full-2016_12_06_19_40-99.zip size: 1.4 MB
2016-12-07 04:23:18		Send to dropbox files
2016-12-07 04:23:22		File upload: dev_themexperience_com-full-2016_12_06_19_40.md5 size: 1.7 MB
2016-12-07 04:23:22		End Copy Files to Dropbox
